Log file open, 01/11/18 09:04:01
LogWindows: LoadLibraryWithSearchPaths failed for file aqProf.dll. GetLastError=0
LogWindows: LoadLibraryWithSearchPaths failed for file VSPerf140.dll. GetLastError=0
LogWindows: LoadLibraryWithSearchPaths failed for file VtuneApi.dll. GetLastError=0
LogWindows: LoadLibraryWithSearchPaths failed for file VtuneApi32e.dll. GetLastError=0
LogInit: Display: Running engine for game: GK1
LogPlatformFile: Not using cached read wrapper
LogInit: Display: RandInit(253953154) SRandInit(253953154).
LogTaskGraph: Started task graph with 5 named threads and 14 total threads with 3 sets of task threads.
LogStats: Stats thread started at 0.359852
LogD3D11RHI: Aftermath initialized
LogPluginManager: Mounting plugin Paper2D
LogPluginManager: Mounting plugin LightPropagationVolume
LogPluginManager: Mounting plugin CodeLiteSourceCodeAccess
LogPluginManager: Mounting plugin GitSourceControl
LogPluginManager: Mounting plugin KDevelopSourceCodeAccess
LogPluginManager: Mounting plugin NullSourceCodeAccess
LogPluginManager: Mounting plugin PerforceSourceControl
LogPluginManager: Mounting plugin SubversionSourceControl
LogPluginManager: Mounting plugin UObjectPlugin
LogPluginManager: Mounting plugin VisualStudioSourceCodeAccess
LogPluginManager: Mounting plugin XCodeSourceCodeAccess
LogPluginManager: Mounting plugin AssetManagerEditor
LogPluginManager: Mounting plugin AudioCapture
LogPluginManager: Mounting plugin FacialAnimation
LogPluginManager: Mounting plugin GameplayTagsEditor
LogPluginManager: Mounting plugin MobileLauncherProfileWizard
LogPluginManager: Mounting plugin PluginBrowser
LogPluginManager: Mounting plugin SpeedTreeImporter
LogPluginManager: Mounting plugin AlembicImporter
LogPluginManager: Mounting plugin CharacterAI
LogPluginManager: Mounting plugin HTML5Networking
LogPluginManager: Mounting plugin AndroidMedia
LogPluginManager: Mounting plugin AvfMedia
LogPluginManager: Mounting plugin MediaPlayerEditor
LogPluginManager: Mounting plugin WmfMedia
LogPluginManager: Mounting plugin TcpMessaging
LogPluginManager: Mounting plugin UdpMessaging
LogPluginManager: Mounting plugin LevelSequenceEditor
LogPluginManager: Mounting plugin MatineeToLevelSequence
LogPluginManager: Mounting plugin OnlineSubsystemGooglePlay
LogPluginManager: Mounting plugin OnlineSubsystemIOS
LogPluginManager: Mounting plugin OnlineSubsystem
LogPluginManager: Mounting plugin OnlineSubsystemNull
LogPluginManager: Mounting plugin OnlineSubsystemUtils
LogPluginManager: Mounting plugin AndroidDeviceProfileSelector
LogPluginManager: Mounting plugin AndroidMoviePlayer
LogPluginManager: Mounting plugin AndroidPermission
LogPluginManager: Mounting plugin AppleMoviePlayer
LogPluginManager: Mounting plugin ArchVisCharacter
LogPluginManager: Mounting plugin CableComponent
LogPluginManager: Mounting plugin CustomMeshComponent
LogPluginManager: Mounting plugin ExampleDeviceProfileSelector
LogPluginManager: Mounting plugin GoogleCloudMessaging
LogPluginManager: Mounting plugin ImmediatePhysics
LogPluginManager: Mounting plugin IOSDeviceProfileSelector
LogPluginManager: Mounting plugin LinuxDeviceProfileSelector
LogPluginManager: Mounting plugin LocationServicesBPLibrary
LogPluginManager: Mounting plugin MobilePatchingUtils
LogPluginManager: Mounting plugin OculusVR
LogPluginManager: Mounting plugin PhysXVehicles
LogPluginManager: Mounting plugin ProceduralMeshComponent
LogPluginManager: Mounting plugin RuntimePhysXCooking
LogPluginManager: Mounting plugin SteamVR
LogPluginManager: Mounting plugin WindowsMoviePlayer
LogInit: Using libcurl 7.47.1
LogInit:  - built for x86_64-pc-win32
LogInit:  - supports SSL with OpenSSL/1.0.2g
LogInit:  - supports HTTP deflate (compression) using libz 1.2.8
LogInit:  - other features:
LogInit:      CURL_VERSION_SSL
LogInit:      CURL_VERSION_LIBZ
LogInit:      CURL_VERSION_IPV6
LogInit:      CURL_VERSION_ASYNCHDNS
LogInit:      CURL_VERSION_LARGEFILE
LogInit:      CURL_VERSION_IDN
LogInit:  CurlRequestOptions (configurable via config and command line):
LogInit:  - bVerifyPeer = false  - Libcurl will NOT verify peer certificate
LogInit:  - bUseHttpProxy = false  - Libcurl will NOT use HTTP proxy
LogInit:  - bDontReuseConnections = false  - Libcurl will reuse connections
LogInit:  - CertBundlePath = nullptr  - Libcurl will use whatever was configured at build time.
LogInit: Build: ++UE4+Release-4.17-CL-3586342
LogInit: Engine Version: 4.17.1-3586342+++UE4+Release-4.17
LogInit: Compatible Engine Version: 4.17.0-3573198+++UE4+Release-4.17
LogInit: Net CL: 3573198
LogDevObjectVersion: Number of dev versions registered: 16
LogDevObjectVersion:   Dev-Blueprints (B0D832E4-1F89-4F0D-ACCF-7EB736FD4AA2): 10
LogDevObjectVersion:   Dev-Build (E1C64328-A22C-4D53-A36C-8E866417BD8C): 0
LogDevObjectVersion:   Dev-Core (375EC13C-06E4-48FB-B500-84F0262A717E): 2
LogDevObjectVersion:   Dev-Editor (E4B068ED-F494-42E9-A231-DA0B2E46BB41): 20
LogDevObjectVersion:   Dev-Framework (CFFC743F-43B0-4480-9391-14DF171D2073): 28
LogDevObjectVersion:   Dev-Mobile (B02B49B5-BB20-44E9-A304-32B752E40360): 0
LogDevObjectVersion:   Dev-Networking (A4E4105C-59A1-49B5-A7C5-40C4547EDFEE): 0
LogDevObjectVersion:   Dev-Online (39C831C9-5AE6-47DC-9A44-9C173E1C8E7C): 0
LogDevObjectVersion:   Dev-Physics (78F01B33-EBEA-4F98-B9B4-84EACCB95AA2): 0
LogDevObjectVersion:   Dev-Platform (6631380F-2D4D-43E0-8009-CF276956A95A): 0
LogDevObjectVersion:   Dev-Rendering (12F88B9F-8875-4AFC-A67C-D90C383ABD29): 19
LogDevObjectVersion:   Dev-Sequencer (7B5AE74C-D270-4C10-A958-57980B212A5A): 4
LogDevObjectVersion:   Dev-VR (D7296918-1DD6-4BDD-9DE2-64A83CC13884): 0
LogDevObjectVersion:   Dev-LoadTimes (C2A15278-BFE7-4AFE-6C17-90FF531DF755): 1
LogDevObjectVersion:   Private-Geometry (6EACA3D4-40EC-4CC1-B786-8BED09428FC5): 1
LogDevObjectVersion:   Dev-AnimPhys (29E575DD-E0A3-4627-9D10-D276232CDCEA): 7
LogInit: Compiled (64-bit): Aug 15 2017 02:05:26
LogInit: Compiled with Visual C++: 19.00.24215.01
LogInit: Build Configuration: Development
LogInit: Branch Name: ++UE4+Release-4.17
LogInit: Command line:  
LogInit: Base directory: D:/UE_4.17/Engine/Binaries/Win64/
LogInit: Installed Engine Build: 1
LogInit: Presizing for max 8388607 objects, including 0 objects not considered by GC, pre-allocating 0 bytes for permanent pool.
LogInit: Object subsystem initialized
[2018.01.11-03.34.03:632][  0]LogInit: Selected Device Profile: [Windows]
[2018.01.11-03.34.03:632][  0]LogInit: Applying CVar settings loaded from the selected device profile: [Windows]
[2018.01.11-03.34.03:770][  0]LogInit: Computer: BEAST
[2018.01.11-03.34.03:770][  0]LogInit: User: holmes
[2018.01.11-03.34.03:770][  0]LogInit: CPU Page size=4096, Cores=4
[2018.01.11-03.34.03:770][  0]LogInit: High frequency timer resolution =2.531251 MHz
[2018.01.11-03.34.03:770][  0]LogMemory: Memory total: Physical=31.9GB (32GB approx)
[2018.01.11-03.34.03:773][  0]LogMemory: Platform Memory Stats for Windows
[2018.01.11-03.34.03:773][  0]LogMemory: Process Physical Memory: 278.08 MB used, 278.08 MB peak
[2018.01.11-03.34.03:773][  0]LogMemory: Process Virtual Memory: 275.65 MB used, 275.65 MB peak
[2018.01.11-03.34.03:773][  0]LogMemory: Physical Memory: 3403.98 MB used,  29296.82 MB free, 32700.80 MB total
[2018.01.11-03.34.03:773][  0]LogMemory: Virtual Memory: 661.75 MB used,  29296.82 MB free, 134217728.00 MB total
[2018.01.11-03.34.04:729][  0]LogInit: Using OS detected language (en-US).
[2018.01.11-03.34.04:729][  0]LogInit: Using OS detected locale (en-US).
[2018.01.11-03.34.04:908][  0]LogTextLocalizationManager: No specific localization for 'en-US' exists, so the 'en' localization will be used.
[2018.01.11-03.34.07:586][  0]LogD3D11RHI: D3D11 adapters:
[2018.01.11-03.34.07:642][  0]LogD3D11RHI:    0. 'NVIDIA GeForce GTX 1070' (Feature Level 11_0)
[2018.01.11-03.34.07:642][  0]LogD3D11RHI:       8109/0/16350 MB DedicatedVideo/DedicatedSystem/SharedSystem, Outputs:1, VendorId:0x10de
[2018.01.11-03.34.07:644][  0]LogD3D11RHI:    1. 'Microsoft Basic Render Driver' (Feature Level 11_0)
[2018.01.11-03.34.07:644][  0]LogD3D11RHI:       0/0/16350 MB DedicatedVideo/DedicatedSystem/SharedSystem, Outputs:0, VendorId:0x1414
[2018.01.11-03.34.07:644][  0]LogD3D11RHI: Chosen D3D11 Adapter: 0
[2018.01.11-03.34.07:661][  0]LogD3D11RHI: Creating new Direct3DDevice
[2018.01.11-03.34.07:661][  0]LogD3D11RHI:     GPU DeviceId: 0x1be1 (for the marketing name, search the web for "GPU Device Id")
[2018.01.11-03.34.07:662][  0]LogWindows: EnumDisplayDevices:
[2018.01.11-03.34.07:662][  0]LogWindows:    0. 'NVIDIA GeForce GTX 1070' (P:1 D:1)
[2018.01.11-03.34.07:662][  0]LogWindows:    1. 'NVIDIA GeForce GTX 1070' (P:0 D:0)
[2018.01.11-03.34.07:662][  0]LogWindows:    2. 'NVIDIA GeForce GTX 1070' (P:0 D:0)
[2018.01.11-03.34.07:662][  0]LogWindows:    3. 'NVIDIA GeForce GTX 1070' (P:0 D:0)
[2018.01.11-03.34.07:662][  0]LogWindows: DebugString: FoundDriverCount:4 
[2018.01.11-03.34.07:662][  0]LogD3D11RHI:     Adapter Name: NVIDIA GeForce GTX 1070
[2018.01.11-03.34.07:662][  0]LogD3D11RHI:   Driver Version: 388.59 (internal:23.21.13.8859, unified:388.59)
[2018.01.11-03.34.07:663][  0]LogD3D11RHI:      Driver Date: 12-5-2017
[2018.01.11-03.34.07:663][  0]LogRHI: Texture pool is 1361 MB (70% of 1945 MB)
[2018.01.11-03.34.07:683][  0]LogD3D11RHI: Async texture creation enabled
[2018.01.11-03.34.08:012][  0]LogD3D11RHI: GPU Timing Frequency: 1000.000000 (Debug: 2 1)
[2018.01.11-03.34.08:158][  0]LogShaderCompilers: Guid format shader working directory is -34 characters bigger than the processId version (../../../../[TorrentCounter.cc].Your.Name.2016.ESubs.1080p.BluRay.x264/OurProject/Intermediate/Shaders/WorkingDirectory/6708/).
[2018.01.11-03.34.08:158][  0]LogShaderCompilers: Cleaned the shader compiler working directory 'C:/Users/holmes/AppData/Local/Temp/UnrealShaderWorkingDir/5B9718444A68029E2609D197B6397DD9/'.
[2018.01.11-03.34.08:171][  0]LogShaderCompilers: Display: Using Local Shader Compiler.
[2018.01.11-03.34.10:595][  0]LogTemp: Display: Loaded TP AllDesktopTargetPlatform
[2018.01.11-03.34.10:640][  0]LogTemp: Display: Loaded TP MacClientTargetPlatform
[2018.01.11-03.34.10:682][  0]LogTemp: Display: Loaded TP MacNoEditorTargetPlatform
[2018.01.11-03.34.10:727][  0]LogTemp: Display: Loaded TP MacServerTargetPlatform
[2018.01.11-03.34.10:820][  0]LogTemp: Display: Loaded TP MacTargetPlatform
[2018.01.11-03.34.10:871][  0]LogTemp: Display: Loaded TP WindowsClientTargetPlatform
[2018.01.11-03.34.10:914][  0]LogTemp: Display: Loaded TP WindowsNoEditorTargetPlatform
[2018.01.11-03.34.10:956][  0]LogTemp: Display: Loaded TP WindowsServerTargetPlatform
[2018.01.11-03.34.10:994][  0]LogTemp: Display: Loaded TP WindowsTargetPlatform
[2018.01.11-03.34.11:041][  0]LogTemp: Display: Loaded TP AndroidTargetPlatform
[2018.01.11-03.34.11:094][  0]LogTemp: Display: Loaded TP Android_ASTCTargetPlatform
[2018.01.11-03.34.11:144][  0]LogTemp: Display: Loaded TP Android_ATCTargetPlatform
[2018.01.11-03.34.11:187][  0]LogTemp: Display: Loaded TP Android_DXTTargetPlatform
[2018.01.11-03.34.11:234][  0]LogTemp: Display: Loaded TP Android_ETC1TargetPlatform
[2018.01.11-03.34.11:283][  0]LogTemp: Display: Loaded TP Android_ETC2TargetPlatform
[2018.01.11-03.34.11:369][  0]LogTemp: Display: Loaded TP Android_MultiTargetPlatform
[2018.01.11-03.34.11:369][  0]LogTemp: Display: Loaded TP Android_PVRTCTargetPlatform
[2018.01.11-03.34.11:402][  0]LogTemp: Display: Loaded TP HTML5TargetPlatform
[2018.01.11-03.34.11:568][  0]LogTemp: Display: Loaded TP IOSTargetPlatform
[2018.01.11-03.34.11:603][  0]LogTemp: Display: Loaded TP TVOSTargetPlatform
[2018.01.11-03.34.11:662][  0]LogTemp: Display: Loaded TP LinuxClientTargetPlatform
[2018.01.11-03.34.11:709][  0]LogTemp: Display: Loaded TP LinuxNoEditorTargetPlatform
[2018.01.11-03.34.11:760][  0]LogTemp: Display: Loaded TP LinuxServerTargetPlatform
[2018.01.11-03.34.11:852][  0]LogTemp: Display: Loaded TP LinuxTargetPlatform
[2018.01.11-03.34.11:852][  0]LogTargetPlatformManager: Display: Building Assets For Windows
[2018.01.11-03.34.12:832][  0]LogDerivedDataCache: Display: Max Cache Size: 512 MB
[2018.01.11-03.34.13:079][  0]LogDerivedDataCache: Loaded boot cache 0.23s 93MB C:/Users/holmes/AppData/Local/UnrealEngine/4.17/DerivedDataCache/Boot.ddc.
[2018.01.11-03.34.13:079][  0]LogDerivedDataCache: Display: Loaded Boot cache: C:/Users/holmes/AppData/Local/UnrealEngine/4.17/DerivedDataCache/Boot.ddc
[2018.01.11-03.34.13:079][  0]LogDerivedDataCache: FDerivedDataBackendGraph:  Pak pak cache file ../../../../[TorrentCounter.cc].Your.Name.2016.ESubs.1080p.BluRay.x264/OurProject/DerivedDataCache/DDC.ddp not found, will not use a pak cache.
[2018.01.11-03.34.13:079][  0]LogDerivedDataCache: Unable to find inner node Pak for hierarchical cache Hierarchy.
[2018.01.11-03.34.13:079][  0]LogDerivedDataCache: FDerivedDataBackendGraph:  CompressedPak pak cache file ../../../../[TorrentCounter.cc].Your.Name.2016.ESubs.1080p.BluRay.x264/OurProject/DerivedDataCache/Compressed.ddp not found, will not use a pak cache.
[2018.01.11-03.34.13:079][  0]LogDerivedDataCache: Unable to find inner node CompressedPak for hierarchical cache Hierarchy.
[2018.01.11-03.34.13:223][  0]LogDerivedDataCache: Display: Pak cache opened for reading ../../../Engine/DerivedDataCache/Compressed.ddp.
[2018.01.11-03.34.13:237][  0]LogDerivedDataCache: Using Local data cache path C:/Users/holmes/AppData/Local/UnrealEngine/Common/DerivedDataCache: Writable
[2018.01.11-03.34.13:311][  0]LogMaterial: Verifying Global Shaders for PCD3D_SM5
[2018.01.11-03.34.13:363][  0]LogSlate: Using Freetype 2.6.0
[2018.01.11-03.34.13:488][  0]LogSlate: SlateFontCache - WITH_FREETYPE: 1, WITH_HARFBUZZ: 1
[2018.01.11-03.34.13:499][  0]LogSlate: SlateFontCache - WITH_FREETYPE: 1, WITH_HARFBUZZ: 1
[2018.01.11-03.34.20:220][  0]LogAssetRegistry: FAssetRegistry took 0.0443 seconds to start up
[2018.01.11-03.34.21:800][  0]LogInit: Selected Device Profile: [Windows]
[2018.01.11-03.34.24:171][  0]LogContentStreaming: Texture pool size is 0.00 MB
[2018.01.11-03.34.24:917][  0]LogSimplygon: Simplygon DLL not present - disabling.
[2018.01.11-03.34.24:972][  0]LogMeshReduction: Using SimplygonSwarm for distributed automatic mesh merging
[2018.01.11-03.34.24:980][  0]LogMeshReduction: Using QuadricMeshReduction for automatic static mesh reduction
[2018.01.11-03.34.24:980][  0]LogMeshReduction: No automatic skeletal mesh reduction module available
[2018.01.11-03.34.24:980][  0]LogMeshReduction: No automatic mesh merging module available
[2018.01.11-03.34.24:980][  0]LogMeshMerging: No automatic mesh merging module available
[2018.01.11-03.34.27:861][  0]LogNetVersion: GK1 , NetCL: 3573198, EngineNetVer: 2, GameNetVer: 0 (Checksum: 2152401544)
[2018.01.11-03.34.29:278][  0]LogPackageLocalizationCache: Processed 5 localized package path(s) for 2 prioritized culture(s) in 0.143314 seconds
[2018.01.11-03.34.29:294][  0]LogUObjectArray: 35825 objects as part of root set at end of initial load.
[2018.01.11-03.34.29:294][  0]LogUObjectAllocator: 7529104 out of 0 bytes used by permanent object pool.
[2018.01.11-03.34.29:294][  0]LogUObjectArray: CloseDisregardForGC: 0/0 objects in disregard for GC pool
[2018.01.11-03.34.29:367][  0]LogInit: WinSock: version 1.1 (2.2), MaxSocks=32767, MaxUdp=65467
[2018.01.11-03.34.39:382][  0]LogTcpMessaging: Initializing TcpMessaging bridge
[2018.01.11-03.34.39:438][  0]LogUdpMessaging: Initializing bridge on interface 0.0.0.0:0 to multicast group 230.0.0.1:6666.
[2018.01.11-03.34.40:869][  0]LogMaterial: Uniform references updated for custom material expression Custom.
[2018.01.11-03.34.41:605][  0]SourceControl: Source control is disabled
[2018.01.11-03.34.41:605][  0]SourceControl: Source control is disabled
[2018.01.11-03.34.41:764][  0]SourceControl: Source control is disabled
[2018.01.11-03.34.41:844][  0]SourceControl: Source control is disabled
[2018.01.11-03.34.42:854][  0]LogAndroidPermission: UAndroidPermissionCallbackProxy::GetInstance
[2018.01.11-03.34.43:128][  0]LogOcInput: OculusInput pre-init called
[2018.01.11-03.34.43:783][  0]LogEngine: Initializing Engine...
[2018.01.11-03.34.43:825][  0]LogHMD: Failed to initialize OpenVR with code 110
[2018.01.11-03.34.44:430][  0]LogStats: UGameplayTagsManager::ConstructGameplayTagTree: Construct from data asset -  0.000 s
[2018.01.11-03.34.44:430][  0]LogStats: UGameplayTagsManager::ConstructGameplayTagTree: GameplayTagTreeChangedEvent.Broadcast -  0.000 s
[2018.01.11-03.34.44:967][  0]LogAIModule: Creating AISystem for world Untitled
[2018.01.11-03.34.45:063][  0]LogInit: XAudio2 using 'Speakers (Realtek High Definition Audio)' : 2 channels at 48 kHz using 32 bits per sample (channel mask 0x3)
[2018.01.11-03.34.45:116][  0]LogInit: FAudioDevice initialized.
[2018.01.11-03.34.45:172][  0]LogDerivedDataCache: Saved boot cache 0.06s 93MB C:/Users/holmes/AppData/Local/UnrealEngine/4.17/DerivedDataCache/Boot.ddc.
[2018.01.11-03.34.45:183][  0]LogInit: Texture streaming: Enabled
[2018.01.11-03.34.45:337][  0]LogEngineSessionManager: EngineSessionManager initialized
[2018.01.11-03.34.45:337][  0]LogEngineSessionManager: EngineSessionManager sent abnormal shutdown report. Type=Crashed, SessionId={8A30B341-4680-D1A6-68C7-0F876A4A2678}
[2018.01.11-03.34.46:126][  0]LogInit: Transaction tracking system initialized
[2018.01.11-03.34.47:783][  0]BlueprintLog: New page: Editor Load
[2018.01.11-03.34.50:993][  0]LocalizationService: Localization service is disabled
[2018.01.11-03.34.55:598][  0]LogConsoleResponse: Display: 
[2018.01.11-03.35.00:055][  0]LogFileCache: Scanning file cache for directory 'D:/[TorrentCounter.cc].Your.Name.2016.ESubs.1080p.BluRay.x264/OurProject/Content/' took 0.06s
[2018.01.11-03.35.00:055][  0]LogCook: Display: Max memory allowance for cook 16384mb min free memory 0mb
[2018.01.11-03.35.00:055][  0]LogCook: Display: Mobile HDR setting 1
[2018.01.11-03.35.00:251][  0]LogGameplayTags: Display: UGameplayTagsManager::DoneAddingNativeTags. DelegateIsBound: 0
[2018.01.11-03.35.06:633][  0]SourceControl: Source control is disabled
[2018.01.11-03.35.06:787][  0]Cmd: MAP LOAD FILE="../../../../[TorrentCounter.cc].Your.Name.2016.ESubs.1080p.BluRay.x264/OurProject/Content/FirstPersonBP/Maps/FirstPersonExampleMap.umap" TEMPLATE=0 SHOWPROGRESS=1 FEATURELEVEL=3
[2018.01.11-03.35.06:873][  0]LightingResults: New page: Lighting Build
[2018.01.11-03.35.07:247][  0]MapCheck: New page: Map Check
[2018.01.11-03.35.07:248][  0]LightingResults: New page: Lighting Build
[2018.01.11-03.35.26:719][  0]LogTexture: Display: Building textures: HQ_Lightmap1_6 (AutoDXT, 64X64)
[2018.01.11-03.35.26:719][  0]LogTexture: Display: Building textures: HQ_Lightmap0_5 (AutoDXT, 256X256)
[2018.01.11-03.35.27:842][  0]LogTexture: Display: Building textures: HQ_Lightmap0_4 (AutoDXT, 256X256)
[2018.01.11-03.35.27:842][  0]LogTexture: Display: Building textures: LQ_Lightmap_0_1 (DXT1, 2048X2048)
[2018.01.11-03.35.27:842][  0]LogTexture: Display: Building textures: LQ_Lightmap_0_2 (DXT1, 2048X2048)
[2018.01.11-03.35.27:842][  0]LogTexture: Display: Building textures: HQ_Lightmap0_2 (AutoDXT, 2048X2048)
[2018.01.11-03.35.27:842][  0]LogTexture: Display: Building textures: HQ_Lightmap0_1 (AutoDXT, 2048X2048)
[2018.01.11-03.35.27:842][  0]LogTexture: Display: Building textures: LQ_Lightmap_0_3 (DXT1, 2048X2048)
[2018.01.11-03.35.27:842][  0]LogTexture: Display: Building textures: LQ_Lightmap_0_4 (DXT1, 256X256)
[2018.01.11-03.35.27:842][  0]LogTexture: Display: Building textures: HQ_Lightmap0_3 (AutoDXT, 2048X2048)
[2018.01.11-03.35.27:842][  0]LogTexture: Display: Building textures: LQ_Lightmap_0_5 (DXT1, 256X256)
[2018.01.11-03.35.27:842][  0]LogTexture: Display: Building textures: LQ_Lightmap_1_6 (DXT1, 64X64)
[2018.01.11-03.35.27:842][  0]LogTexture: Display: Building textures: SkyOcclusion0_1 (AutoDXT, 2048X1024)
[2018.01.11-03.35.27:842][  0]LogTexture: Display: Building textures: SkyOcclusion0_2 (AutoDXT, 2048X1024)
[2018.01.11-03.35.30:588][  0]LogTexture: Display: Building textures: SkyOcclusion1_6 (AutoDXT, 64X32)
[2018.01.11-03.35.30:589][  0]LogTexture: Display: Building textures: SkyOcclusion0_4 (AutoDXT, 256X128)
[2018.01.11-03.35.30:589][  0]LogTexture: Display: Building textures: SkyOcclusion0_5 (AutoDXT, 256X128)
[2018.01.11-03.35.30:589][  0]LogTexture: Display: Building textures: SkyOcclusion0_3 (AutoDXT, 2048X1024)
[2018.01.11-03.35.32:436][  0]LogAIModule: Creating AISystem for world FirstPersonExampleMap
[2018.01.11-03.35.34:348][  0]LogEditorServer: Finished looking for orphan Actors (0.000 secs)
[2018.01.11-03.35.34:592][  0]LogNavigation: Error: Navmesh bounds are too large! Limiting requested tiles count (5534584) to: (1048576)
[2018.01.11-03.35.34:856][  0]Cmd: MAP CHECKDEP NOCLEARLOG
[2018.01.11-03.35.34:938][  0]MapCheck: Map check complete: 0 Error(s), 0 Warning(s), took 81.389ms to complete.
[2018.01.11-03.35.34:938][  0]LogFileHelpers: Loading map 'FirstPersonExampleMap' took 28.234
[2018.01.11-03.35.38:097][  0]LogCollectionManager: Loaded 0 collections in 0.001271 seconds
[2018.01.11-03.35.38:364][  0]LogFileCache: Scanning file cache for directory 'D:/[TorrentCounter.cc].Your.Name.2016.ESubs.1080p.BluRay.x264/OurProject/Saved/Collections/' took 0.01s
[2018.01.11-03.35.38:364][  0]LogFileCache: Scanning file cache for directory 'D:/[TorrentCounter.cc].Your.Name.2016.ESubs.1080p.BluRay.x264/OurProject/Content/Developers/holmes/Collections/' took 0.01s
[2018.01.11-03.35.38:364][  0]LogFileCache: Scanning file cache for directory 'D:/[TorrentCounter.cc].Your.Name.2016.ESubs.1080p.BluRay.x264/OurProject/Content/Collections/' took 0.01s
[2018.01.11-03.35.38:364][  0]LogCollectionManager: Rebuilt the GUID cache for 0 collections in 0.000000 seconds
[2018.01.11-03.35.38:389][  0]LogContentBrowser: Native class hierarchy populated in 0.0221 seconds. Added 2386 classes and 500 folders.
[2018.01.11-03.35.38:530][  0]LogContentBrowser: Native class hierarchy updated for 'WidgetCarousel' in 0.0012 seconds. Added 0 classes and 0 folders.
[2018.01.11-03.35.40:028][  0]LogContentBrowser: Native class hierarchy updated for 'AddContentDialog' in 0.0008 seconds. Added 0 classes and 0 folders.
[2018.01.11-03.35.40:116][  0]LogContentBrowser: Native class hierarchy updated for 'SceneOutliner' in 0.0009 seconds. Added 1 classes and 2 folders.
[2018.01.11-03.35.41:208][  0]LogSlate: Took 0.006744 seconds to synchronously load lazily loaded font '../../../Engine/Content/Slate/Fonts/Roboto-Regular.ttf' (155K)
[2018.01.11-03.35.41:237][  0]LogSlate: Took 0.015749 seconds to synchronously load lazily loaded font '../../../Engine/Content/Slate/Fonts/Roboto-Bold.ttf' (160K)
[2018.01.11-03.35.41:283][  0]LogSlate: Took 0.014803 seconds to synchronously load lazily loaded font '../../../Engine/Content/Editor/Slate/Fonts/FontAwesome.ttf' (139K)
[2018.01.11-03.35.41:645][  0]LogRenderer: Reallocating scene render targets to support 1476x656 Format 9 NumSamples 1 (Frame:1).
[2018.01.11-03.35.42:289][  0]LogContentBrowser: Native class hierarchy updated for 'HierarchicalLODOutliner' in 0.0011 seconds. Added 1 classes and 2 folders.
[2018.01.11-03.35.42:289][  0]LogLoad: (Engine Initialization) Total time: 109.10 seconds
[2018.01.11-03.35.42:289][  0]LogLoad: (Engine Initialization) Total Blueprint compile time: 0.00 seconds
[2018.01.11-03.35.42:301][  0]LogExternalProfiler: No external profilers were discovered.  External profiling features will not be available.
[2018.01.11-03.35.42:782][  0]LogContentStreaming: Texture pool size now 600 MB
[2018.01.11-03.35.43:329][  2]LogAssetRegistry: Asset discovery search completed in 83.1441 seconds
[2018.01.11-03.35.43:331][  2]LogCollectionManager: Rebuilt the object cache for 0 collections in 0.000000 seconds (found 0 objects)
[2018.01.11-03.35.43:331][  2]LogCollectionManager: Fixed up redirectors for 0 collections in 0.000038 seconds (updated 0 objects)
[2018.01.11-03.35.52:110][ 32]LogEditorViewport: Clicking on Actor (LMB): StaticMeshActor (Wall1)
[2018.01.11-03.35.55:868][182]LogTemp: Repeating last play command: Selected Viewport
[2018.01.11-03.35.56:149][182]LogBlueprintUserMessages: Early PlayInEditor Detection: Level '/Game/FirstPersonBP/Maps/FirstPersonExampleMap.FirstPersonExampleMap:PersistentLevel' has LevelScriptBlueprint '/Game/FirstPersonBP/Maps/FirstPersonExampleMap.FirstPersonExampleMap:PersistentLevel.FirstPersonExampleMap' with GeneratedClass '/Game/FirstPersonBP/Maps/FirstPersonExampleMap.FirstPersonExampleMap_C' with ClassGeneratedBy '/Game/FirstPersonBP/Maps/FirstPersonExampleMap.FirstPersonExampleMap:PersistentLevel.FirstPersonExampleMap'
[2018.01.11-03.35.56:149][182]LogPlayLevel: PlayLevel: No blueprints needed recompiling
[2018.01.11-03.35.56:184][182]PIE: New page: PIE session: FirstPersonExampleMap (Jan 11, 2018, 2:35:56 PM)
[2018.01.11-03.35.56:184][182]LogPlayLevel: Creating play world package: /Game/FirstPersonBP/Maps/UEDPIE_0_FirstPersonExampleMap
[2018.01.11-03.35.56:507][182]LogPlayLevel: PIE: StaticDuplicateObject took: (0.322863s)
[2018.01.11-03.35.56:508][182]LogAIModule: Creating AISystem for world FirstPersonExampleMap
[2018.01.11-03.35.56:508][182]LogPlayLevel: PIE: World Init took: (0.001154s)
[2018.01.11-03.35.56:509][182]LogPlayLevel: PIE: Created PIE world by copying editor world from /Game/FirstPersonBP/Maps/FirstPersonExampleMap.FirstPersonExampleMap to /Game/FirstPersonBP/Maps/UEDPIE_0_FirstPersonExampleMap.FirstPersonExampleMap (0.324368s)
[2018.01.11-03.35.56:532][182]LogInit: XAudio2 using 'Speakers (Realtek High Definition Audio)' : 2 channels at 48 kHz using 32 bits per sample (channel mask 0x3)
[2018.01.11-03.35.56:541][182]LogInit: FAudioDevice initialized.
[2018.01.11-03.35.56:597][182]LogLoad: Game class is 'FirstPersonGameMode_C'
[2018.01.11-03.35.56:684][182]LogWorld: Bringing World /Game/FirstPersonBP/Maps/UEDPIE_0_FirstPersonExampleMap.FirstPersonExampleMap up for play (max tick rate 60) at 2018.01.11-09.05.56
[2018.01.11-03.35.56:801][182]LogWorld: Bringing up level for play took: 0.171408
[2018.01.11-03.35.56:880][182]LogContentBrowser: Native class hierarchy updated for 'MovieSceneCapture' in 0.0010 seconds. Added 11 classes and 0 folders.
[2018.01.11-03.35.56:897][182]PIE: Play in editor start time for /Game/FirstPersonBP/Maps/UEDPIE_0_FirstPersonExampleMap -0.169
[2018.01.11-03.35.56:901][182]LogBlueprintUserMessages: Late PlayInEditor Detection: Level '/Game/FirstPersonBP/Maps/FirstPersonExampleMap.FirstPersonExampleMap:PersistentLevel' has LevelScriptBlueprint '/Game/FirstPersonBP/Maps/FirstPersonExampleMap.FirstPersonExampleMap:PersistentLevel.FirstPersonExampleMap' with GeneratedClass '/Game/FirstPersonBP/Maps/FirstPersonExampleMap.FirstPersonExampleMap_C' with ClassGeneratedBy '/Game/FirstPersonBP/Maps/FirstPersonExampleMap.FirstPersonExampleMap:PersistentLevel.FirstPersonExampleMap'
[2018.01.11-03.35.59:471][309]LogScript: Warning: Attempted to access Sphere via property Sphere, but Sphere is pending kill
	FirstPersonProjectile_C /Game/FirstPersonBP/Maps/UEDPIE_0_FirstPersonExampleMap.FirstPersonExampleMap:PersistentLevel.FirstPersonProjectile_C_1
	Function /Game/FirstPersonBP/Blueprints/FirstPersonProjectile.FirstPersonProjectile_C:ExecuteUbergraph_FirstPersonProjectile:02E0
[2018.01.11-03.35.59:483][309]PIE: Error: Blueprint Runtime Error: Attempted to access Sphere via property Sphere, but Sphere is pending kill from function: 'ExecuteUbergraph_FirstPersonProjectile' from node: DestroyComponent in graph: EventGraph in object: FirstPersonProjectile with description: Attempted to access Sphere via property Sphere, but Sphere is pending kill
[2018.01.11-03.35.59:850][330]LogScript: Warning: Attempted to access Sphere via property Sphere, but Sphere is pending kill
	FirstPersonProjectile_C /Game/FirstPersonBP/Maps/UEDPIE_0_FirstPersonExampleMap.FirstPersonExampleMap:PersistentLevel.FirstPersonProjectile_C_1
	Function /Game/FirstPersonBP/Blueprints/FirstPersonProjectile.FirstPersonProjectile_C:ExecuteUbergraph_FirstPersonProjectile:02E0
[2018.01.11-03.35.59:851][330]PIE: Error: Blueprint Runtime Error: Attempted to access Sphere via property Sphere, but Sphere is pending kill from function: 'ExecuteUbergraph_FirstPersonProjectile' from node: DestroyComponent in graph: EventGraph in object: FirstPersonProjectile with description: Attempted to access Sphere via property Sphere, but Sphere is pending kill
[2018.01.11-03.36.22:471][ 11]LogNet: Browse: /Game/FirstPersonBP/Maps/screenshot_map
[2018.01.11-03.36.22:472][ 11]LogLoad: LoadMap: /Game/FirstPersonBP/Maps/screenshot_map
[2018.01.11-03.36.22:541][ 11]Cmd: MEM
[2018.01.11-03.36.22:608][ 11]LogMemory: Platform Memory Stats for Windows
[2018.01.11-03.36.22:609][ 11]LogMemory: Process Physical Memory: 1303.24 MB used, 2056.86 MB peak
[2018.01.11-03.36.22:609][ 11]LogMemory: Process Virtual Memory: 1898.74 MB used, 2233.24 MB peak
[2018.01.11-03.36.22:609][ 11]LogMemory: Physical Memory: 4805.10 MB used,  27895.70 MB free, 32700.80 MB total
[2018.01.11-03.36.22:609][ 11]LogMemory: Virtual Memory: 2750.29 MB used,  27895.70 MB free, 134217728.00 MB total
[2018.01.11-03.36.22:609][ 11]LogMemory: 
[2018.01.11-03.36.22:609][ 11]Allocator Stats for TBB: (not implemented)
[2018.01.11-03.36.52:844][ 11]LogAIModule: Creating AISystem for world screenshot_map
[2018.01.11-03.36.52:845][ 11]LogLoad: Game class is 'FirstPersonGameMode_C'
[2018.01.11-03.36.52:926][ 11]LogWorld: Bringing World /Game/FirstPersonBP/Maps/UEDPIE_0_screenshot_map.screenshot_map up for play (max tick rate 60) at 2018.01.11-09.06.52
[2018.01.11-03.36.52:950][ 11]LogWorld: Bringing up level for play took: 0.104137
[2018.01.11-03.36.52:958][ 11]LogLoad: Took 30.486299 seconds to LoadMap(/Game/FirstPersonBP/Maps/screenshot_map)
[2018.01.11-03.36.53:122][ 14]LogHttp: Warning: 000001720995E200: request failed, libcurl error: 6 (Couldn't resolve host name)
[2018.01.11-03.36.53:122][ 14]LogHttp: Warning: 000001720995E200: libcurl info message cache 0 (Could not resolve host: datarouter.ol.epicgames.com)
[2018.01.11-03.36.53:123][ 14]LogHttp: Warning: 000001720995E200: libcurl info message cache 1 (Closing connection 0)
[2018.01.11-03.37.43:199][573]LogCharacterMovement: mortaAIl14_1390 is stuck and failed to move! Velocity: X=-16.08 Y=-65.29 Z=0.00 Location: X=4010.00 Y=3930.00 Z=-102.00 Normal: X=-0.98 Y=0.07 Z=-0.19 PenetrationDepth:24.448 Actor:ScotsPine_01 Component:StaticMeshComponent0 BoneName:None (0 other events since notify)
[2018.01.11-03.37.43:934][597]LogCharacterMovement: mortaAIl14_1390 is stuck and failed to move! Velocity: X=-165.48 Y=-576.73 Z=0.00 Location: X=4010.00 Y=3930.00 Z=-102.00 Normal: X=-0.98 Y=0.07 Z=-0.19 PenetrationDepth:24.448 Actor:ScotsPine_01 Component:StaticMeshComponent0 BoneName:None (23 other events since notify)
[2018.01.11-03.37.44:951][628]LogCharacterMovement: mortaAIl14_1390 is stuck and failed to move! Velocity: X=-194.11 Y=-567.74 Z=0.00 Location: X=4010.00 Y=3930.00 Z=-102.00 Normal: X=-0.98 Y=0.07 Z=-0.19 PenetrationDepth:24.448 Actor:ScotsPine_01 Component:StaticMeshComponent0 BoneName:None (30 other events since notify)
[2018.01.11-03.37.45:969][659]LogCharacterMovement: mortaAIl14_1390 is stuck and failed to move! Velocity: X=-288.86 Y=-525.89 Z=0.00 Location: X=4010.00 Y=3930.00 Z=-102.00 Normal: X=-0.98 Y=0.07 Z=-0.19 PenetrationDepth:24.448 Actor:ScotsPine_01 Component:StaticMeshComponent0 BoneName:None (30 other events since notify)
[2018.01.11-03.37.46:987][690]LogCharacterMovement: mortaAIl14_1390 is stuck and failed to move! Velocity: X=-283.17 Y=-528.98 Z=0.00 Location: X=4010.00 Y=3930.00 Z=-102.00 Normal: X=-0.98 Y=0.07 Z=-0.19 PenetrationDepth:24.448 Actor:ScotsPine_01 Component:StaticMeshComponent0 BoneName:None (30 other events since notify)
[2018.01.11-03.37.48:005][721]LogCharacterMovement: mortaAIl14_1390 is stuck and failed to move! Velocity: X=-296.52 Y=-521.61 Z=0.00 Location: X=4010.00 Y=3930.00 Z=-102.00 Normal: X=-0.98 Y=0.07 Z=-0.19 PenetrationDepth:24.448 Actor:ScotsPine_01 Component:StaticMeshComponent0 BoneName:None (30 other events since notify)
[2018.01.11-03.37.49:023][752]LogCharacterMovement: mortaAIl14_1390 is stuck and failed to move! Velocity: X=-296.52 Y=-521.61 Z=0.00 Location: X=4010.00 Y=3930.00 Z=-102.00 Normal: X=-0.98 Y=0.07 Z=-0.19 PenetrationDepth:24.448 Actor:ScotsPine_01 Component:StaticMeshComponent0 BoneName:None (30 other events since notify)
[2018.01.11-03.37.50:040][783]LogCharacterMovement: mortaAIl14_1390 is stuck and failed to move! Velocity: X=-296.52 Y=-521.61 Z=0.00 Location: X=4010.00 Y=3930.00 Z=-102.00 Normal: X=-0.98 Y=0.07 Z=-0.19 PenetrationDepth:24.448 Actor:ScotsPine_01 Component:StaticMeshComponent0 BoneName:None (30 other events since notify)
[2018.01.11-03.37.51:059][814]LogCharacterMovement: mortaAIl14_1390 is stuck and failed to move! Velocity: X=-296.52 Y=-521.61 Z=0.00 Location: X=4010.00 Y=3930.00 Z=-102.00 Normal: X=-0.98 Y=0.07 Z=-0.19 PenetrationDepth:24.448 Actor:ScotsPine_01 Component:StaticMeshComponent0 BoneName:None (30 other events since notify)
[2018.01.11-03.37.52:076][845]LogCharacterMovement: mortaAIl14_1390 is stuck and failed to move! Velocity: X=-585.82 Y=-129.68 Z=0.00 Location: X=4010.00 Y=3930.00 Z=-102.00 Normal: X=-0.98 Y=0.07 Z=-0.19 PenetrationDepth:24.448 Actor:ScotsPine_01 Component:StaticMeshComponent0 BoneName:None (30 other events since notify)
[2018.01.11-03.37.53:093][877]LogCharacterMovement: mortaAIl14_1390 is stuck and failed to move! Velocity: X=-585.82 Y=-129.68 Z=0.00 Location: X=4010.00 Y=3930.00 Z=-102.00 Normal: X=-0.98 Y=0.07 Z=-0.19 PenetrationDepth:24.448 Actor:ScotsPine_01 Component:StaticMeshComponent0 BoneName:None (31 other events since notify)
[2018.01.11-03.37.54:111][908]LogCharacterMovement: mortaAIl14_1390 is stuck and failed to move! Velocity: X=-591.98 Y=-97.80 Z=0.00 Location: X=4010.00 Y=3930.00 Z=-102.00 Normal: X=-0.98 Y=0.07 Z=-0.19 PenetrationDepth:24.448 Actor:ScotsPine_01 Component:StaticMeshComponent0 BoneName:None (30 other events since notify)
[2018.01.11-03.37.55:129][939]LogCharacterMovement: mortaAIl14_1390 is stuck and failed to move! Velocity: X=-591.98 Y=-97.80 Z=0.00 Location: X=4010.00 Y=3930.00 Z=-102.00 Normal: X=-0.98 Y=0.07 Z=-0.19 PenetrationDepth:24.448 Actor:ScotsPine_01 Component:StaticMeshComponent0 BoneName:None (30 other events since notify)
[2018.01.11-03.37.56:147][970]LogCharacterMovement: mortaAIl14_1390 is stuck and failed to move! Velocity: X=-561.00 Y=212.79 Z=0.00 Location: X=4010.00 Y=3930.00 Z=-102.00 Normal: X=-0.98 Y=0.07 Z=-0.19 PenetrationDepth:24.448 Actor:ScotsPine_01 Component:StaticMeshComponent0 BoneName:None (30 other events since notify)
[2018.01.11-03.37.56:872][992]PIE: Warning: killerAI7_251.Capsule has to have 'CollisionEnabled' set to 'Query and Physics' or 'Physics only' if you'd like to AddImpulseAtLocation. 
[2018.01.11-03.37.57:165][  1]LogCharacterMovement: mortaAIl14_1390 is stuck and failed to move! Velocity: X=-561.00 Y=212.79 Z=0.00 Location: X=4010.00 Y=3930.00 Z=-102.00 Normal: X=-0.98 Y=0.07 Z=-0.19 PenetrationDepth:24.448 Actor:ScotsPine_01 Component:StaticMeshComponent0 BoneName:None (30 other events since notify)
[2018.01.11-03.37.58:183][ 32]LogCharacterMovement: mortaAIl14_1390 is stuck and failed to move! Velocity: X=-561.00 Y=212.79 Z=0.00 Location: X=4010.00 Y=3930.00 Z=-102.00 Normal: X=-0.98 Y=0.07 Z=-0.19 PenetrationDepth:24.448 Actor:ScotsPine_01 Component:StaticMeshComponent0 BoneName:None (30 other events since notify)
[2018.01.11-03.37.58:610][ 45]LogCharacterMovement: mortaAIl30_664 is stuck and failed to move! Velocity: X=41.27 Y=52.74 Z=0.00 Location: X=253.30 Y=4629.47 Z=-101.99 Normal: X=0.96 Y=-0.29 Z=-0.00 PenetrationDepth:10.008 Actor:mortaAIl24_2123 Component:CharacterMesh0 BoneName:hand_l (0 other events since notify)
[2018.01.11-03.37.59:200][ 63]LogCharacterMovement: mortaAIl14_1390 is stuck and failed to move! Velocity: X=-561.00 Y=212.79 Z=0.00 Location: X=4010.00 Y=3930.00 Z=-102.00 Normal: X=-0.98 Y=0.07 Z=-0.19 PenetrationDepth:24.448 Actor:ScotsPine_01 Component:StaticMeshComponent0 BoneName:None (30 other events since notify)
[2018.01.11-03.38.00:217][ 94]LogCharacterMovement: mortaAIl14_1390 is stuck and failed to move! Velocity: X=-561.00 Y=212.79 Z=0.00 Location: X=4010.00 Y=3930.00 Z=-102.00 Normal: X=-0.98 Y=0.07 Z=-0.19 PenetrationDepth:24.448 Actor:ScotsPine_01 Component:StaticMeshComponent0 BoneName:None (30 other events since notify)
[2018.01.11-03.38.00:747][110]LogBlueprintUserMessages: Early EndPlayMap Detection: Level '/Game/FirstPersonBP/Maps/FirstPersonExampleMap.FirstPersonExampleMap:PersistentLevel' has LevelScriptBlueprint '/Game/FirstPersonBP/Maps/FirstPersonExampleMap.FirstPersonExampleMap:PersistentLevel.FirstPersonExampleMap' with GeneratedClass '/Game/FirstPersonBP/Maps/FirstPersonExampleMap.FirstPersonExampleMap_C' with ClassGeneratedBy '/Game/FirstPersonBP/Maps/FirstPersonExampleMap.FirstPersonExampleMap:PersistentLevel.FirstPersonExampleMap'
[2018.01.11-03.38.00:853][110]LogBlueprintUserMessages: Late EndPlayMap Detection: Level '/Game/FirstPersonBP/Maps/FirstPersonExampleMap.FirstPersonExampleMap:PersistentLevel' has LevelScriptBlueprint '/Game/FirstPersonBP/Maps/FirstPersonExampleMap.FirstPersonExampleMap:PersistentLevel.FirstPersonExampleMap' with GeneratedClass '/Game/FirstPersonBP/Maps/FirstPersonExampleMap.FirstPersonExampleMap_C' with ClassGeneratedBy '/Game/FirstPersonBP/Maps/FirstPersonExampleMap.FirstPersonExampleMap:PersistentLevel.FirstPersonExampleMap'
[2018.01.11-03.38.19:196][798]LogEditorViewport: Clicking on Actor (LMB): mortaAIl_C (mortaAIl)
[2018.01.11-03.38.52:436][488]LogSlate: Took 0.011427 seconds to synchronously load lazily loaded font '../../../Engine/Content/Slate/Fonts/Roboto-Light.ttf' (159K)
[2018.01.11-03.38.53:174][505]LogHttp: Warning: 0000017278ACC880: request failed, libcurl error: 6 (Couldn't resolve host name)
[2018.01.11-03.38.53:174][505]LogHttp: Warning: 0000017278ACC880: libcurl info message cache 0 (Could not resolve host: datarouter.ol.epicgames.com)
[2018.01.11-03.38.53:174][505]LogHttp: Warning: 0000017278ACC880: libcurl info message cache 1 (Closing connection 1)
[2018.01.11-03.38.56:869][651]Cmd: EDIT COPY
[2018.01.11-03.40.15:468][405]LogMaterial: Missing cached shader map for material Material_0, compiling. 
[2018.01.11-03.40.30:506][937]LogMaterial: Missing cached shader map for material tex_leave_Mat, compiling. 
[2018.01.11-03.40.30:549][937]LogMaterial: Warning: Material /Game/Textures/Particle/tex_leave_Mat.tex_leave_Mat needed to have new flag set bUsedWithSkeletalMesh !
[2018.01.11-03.40.30:552][937]LogMaterial: Missing cached shader map for material tex_leave_Mat, compiling. 
[2018.01.11-03.40.53:260][704]LogHttp: Warning: 0000017209949F00: request failed, libcurl error: 6 (Couldn't resolve host name)
[2018.01.11-03.40.53:260][704]LogHttp: Warning: 0000017209949F00: libcurl info message cache 0 (Could not resolve host: datarouter.ol.epicgames.com)
[2018.01.11-03.40.53:260][704]LogHttp: Warning: 0000017209949F00: libcurl info message cache 1 (Closing connection 2)
[2018.01.11-03.43.05:797][371]LogHttp: Warning: 0000017213F5D600: request failed, libcurl error: 6 (Couldn't resolve host name)
[2018.01.11-03.43.05:797][371]LogHttp: Warning: 0000017213F5D600: libcurl info message cache 0 (Could not resolve host: datarouter.ol.epicgames.com)
[2018.01.11-03.43.05:797][371]LogHttp: Warning: 0000017213F5D600: libcurl info message cache 1 (Closing connection 3)
[2018.01.11-03.47.38:838][320]LogSlate: Took 0.000265 seconds to synchronously load lazily loaded font '../../../Engine/Content/Slate/Fonts/Roboto-Light.ttf' (159K)
[2018.01.11-03.47.48:145][347]LogSlate: Took 0.000387 seconds to synchronously load lazily loaded font '../../../Engine/Content/Slate/Fonts/Roboto-Light.ttf' (159K)
[2018.01.11-03.47.49:365][347]LogSavePackage: Save=1025.86ms
[2018.01.11-03.47.49:365][347]LogSavePackage: Moving '../../../../[TorrentCounter.cc].Your.Name.2016.ESubs.1080p.BluRay.x264/OurProject/Saved/FirstPersonExampleMap_Auto1B94D5A8D448D2C4BFAC68BA5EDEB0FE7.tmp' to '../../../../[TorrentCounter.cc].Your.Name.2016.ESubs.1080p.BluRay.x264/OurProject/Saved/Autosaves/Game/FirstPersonBP/Maps/FirstPersonExampleMap_Auto1.umap'
[2018.01.11-03.47.49:366][347]LogSavePackage: Display: Finished SavePackage ../../../../[TorrentCounter.cc].Your.Name.2016.ESubs.1080p.BluRay.x264/OurProject/Saved/Autosaves/Game/FirstPersonBP/Maps/FirstPersonExampleMap_Auto1.umap
[2018.01.11-03.47.49:369][347]LogFileHelpers: Editor autosave (incl. sublevels) for '/Game/FirstPersonBP/Maps/FirstPersonExampleMap' took 1.195
[2018.01.11-03.47.49:369][347]LogFileHelpers: Editor autosave (incl. sublevels) for all levels took 1.195
[2018.01.11-03.47.49:392][347]OBJ SavePackage: Generating thumbnails for [1] asset(s) in package [/Game/Textures/Particle/tex_leave_Mat] ([1] browsable assets)...
[2018.01.11-03.47.49:435][347]OBJ SavePackage:     Rendered thumbnail for [Material /Game/Textures/Particle/tex_leave_Mat.tex_leave_Mat]
[2018.01.11-03.47.49:436][347]OBJ SavePackage: Finished generating thumbnails for package [/Game/Textures/Particle/tex_leave_Mat]
[2018.01.11-03.47.49:493][347]LogSavePackage: Save=31.57ms
[2018.01.11-03.47.49:493][347]LogSavePackage: Moving '../../../../[TorrentCounter.cc].Your.Name.2016.ESubs.1080p.BluRay.x264/OurProject/Saved/tex_leave_Mat_Auto1A8D414EB4A061596CDBB7EA663B1F6E9.tmp' to '../../../../[TorrentCounter.cc].Your.Name.2016.ESubs.1080p.BluRay.x264/OurProject/Saved/Autosaves/Game/Textures/Particle/tex_leave_Mat_Auto1.uasset'
[2018.01.11-03.47.49:493][347]LogSavePackage: Display: Finished SavePackage ../../../../[TorrentCounter.cc].Your.Name.2016.ESubs.1080p.BluRay.x264/OurProject/Saved/Autosaves/Game/Textures/Particle/tex_leave_Mat_Auto1.uasset
[2018.01.11-03.47.49:493][347]LogFileHelpers: Auto-saving content packages took 0.105
[2018.01.11-03.52.33:389][200]LogHttp: Warning: 0000017213389A80: request failed, libcurl error: 35 (SSL connect error)
[2018.01.11-03.52.33:389][200]LogHttp: Warning: 0000017213389A80: libcurl info message cache 0 (Found bundle for host datarouter.ol.epicgames.com: 0x1736b0e3fb8 [can pipeline])
[2018.01.11-03.52.33:389][200]LogHttp: Warning: 0000017213389A80: libcurl info message cache 1 (Hostname in DNS cache was stale, zapped)
[2018.01.11-03.52.33:389][200]LogHttp: Warning: 0000017213389A80: libcurl info message cache 2 (  Trying 34.234.221.146...)
[2018.01.11-03.52.33:389][200]LogHttp: Warning: 0000017213389A80: libcurl info message cache 3 (Connected to datarouter.ol.epicgames.com (34.234.221.146) port 443 (#6))
[2018.01.11-03.52.33:389][200]LogHttp: Warning: 0000017213389A80: libcurl info message cache 4 (ALPN, offering http/1.1)
[2018.01.11-03.52.33:389][200]LogHttp: Warning: 0000017213389A80: libcurl info message cache 5 (Cipher selection: ALL:!EXPORT:!EXPORT40:!EXPORT56:!aNULL:!LOW:!RC4:@STRENGTH)
[2018.01.11-03.52.33:389][200]LogHttp: Warning: 0000017213389A80: libcurl info message cache 6 (SSL re-using session ID)
[2018.01.11-03.52.33:389][200]LogHttp: Warning: 0000017213389A80: libcurl info message cache 7 (TLSv1.2 (OUT), TLS handshake, Client hello (1):)
[2018.01.11-03.52.33:389][200]LogHttp: Warning: 0000017213389A80: libcurl info message cache 8 (TLSv1.2 (IN), TLS handshake, Server hello (2):)
[2018.01.11-03.52.33:389][200]LogHttp: Warning: 0000017213389A80: libcurl info message cache 9 (TLSv1.2 (IN), TLS handshake, Certificate (11):)
[2018.01.11-03.52.33:389][200]LogHttp: Warning: 0000017213389A80: libcurl info message cache 10 (TLSv1.2 (IN), TLS handshake, Server key exchange (12):)
[2018.01.11-03.52.33:389][200]LogHttp: Warning: 0000017213389A80: libcurl info message cache 11 (TLSv1.2 (IN), TLS handshake, Server finished (14):)
[2018.01.11-03.52.33:389][200]LogHttp: Warning: 0000017213389A80: libcurl info message cache 12 (TLSv1.2 (OUT), TLS handshake, Client key exchange (16):)
[2018.01.11-03.52.33:389][200]LogHttp: Warning: 0000017213389A80: libcurl info message cache 13 (TLSv1.2 (OUT), TLS change cipher, Client hello (1):)
[2018.01.11-03.52.33:389][200]LogHttp: Warning: 0000017213389A80: libcurl info message cache 14 (TLSv1.2 (OUT), TLS handshake, Finished (20):)
[2018.01.11-03.52.33:389][200]LogHttp: Warning: 0000017213389A80: libcurl info message cache 15 (Unknown SSL protocol error in connection to datarouter.ol.epicgames.com:443 )
[2018.01.11-03.52.33:389][200]LogHttp: Warning: 0000017213389A80: libcurl info message cache 16 (Closing connection 6)
[2018.01.11-03.52.42:718][228]LogHttp: Warning: 000001721338A980: request failed, libcurl error: 0 (No error)
[2018.01.11-03.52.42:718][228]LogHttp: Warning: 000001721338A980: libcurl info message cache 0 (Found bundle for host datarouter.ol.epicgames.com: 0x1736b0e3fb8 [can pipeline])
[2018.01.11-03.52.42:718][228]LogHttp: Warning: 000001721338A980: libcurl info message cache 1 (Re-using existing connection! (#5) with host datarouter.ol.epicgames.com)
[2018.01.11-03.52.42:718][228]LogHttp: Warning: 000001721338A980: libcurl info message cache 2 (Connected to datarouter.ol.epicgames.com (34.237.101.3) port 443 (#5))
[2018.01.11-03.52.42:719][228]LogHttp: Warning: 000001721338A980: libcurl info message cache 3 (upload completely sent off: 363 out of 363 bytes)
[2018.01.11-03.52.42:719][228]LogHttp: Warning: 000001721338A980: libcurl info message cache 4 (Closing connection 5)
[2018.01.11-03.52.42:719][228]LogHttp: Warning: 000001721338A980: libcurl info message cache 5 (TLSv1.2 (OUT), TLS alert, Client hello (1):)
[2018.01.11-03.55.18:387][695]LogHttp: Warning: 0000017213388700: request failed, libcurl error: 6 (Couldn't resolve host name)
[2018.01.11-03.55.18:387][695]LogHttp: Warning: 0000017213388700: libcurl info message cache 0 (Found bundle for host datarouter.ol.epicgames.com: 0x1736b0e3fb8 [can pipeline])
[2018.01.11-03.55.18:387][695]LogHttp: Warning: 0000017213388700: libcurl info message cache 1 (Re-using existing connection! (#7) with host datarouter.ol.epicgames.com)
[2018.01.11-03.55.18:388][695]LogHttp: Warning: 0000017213388700: libcurl info message cache 2 (Connected to datarouter.ol.epicgames.com (34.234.221.146) port 443 (#7))
[2018.01.11-03.55.18:388][695]LogHttp: Warning: 0000017213388700: libcurl info message cache 3 (upload completely sent off: 1415 out of 1415 bytes)
[2018.01.11-03.55.18:388][695]LogHttp: Warning: 0000017213388700: libcurl info message cache 4 (SSL read: error:00000000:lib(0):func(0):reason(0), errno 10054)
[2018.01.11-03.55.18:388][695]LogHttp: Warning: 0000017213388700: libcurl info message cache 5 (Connection died, retrying a fresh connect)
[2018.01.11-03.55.18:388][695]LogHttp: Warning: 0000017213388700: libcurl info message cache 6 (Closing connection 7)
[2018.01.11-03.55.18:388][695]LogHttp: Warning: 0000017213388700: libcurl info message cache 7 (Issue another request to this URL: 'https://datarouter.ol.epicgames.com/datarouter/api/v1/public/data?SessionID=%7B9C06F5D2-4821-78FF-74D2-99B10FB5CEEF%7D&AppID=UEEditor.Rocket.Release&AppVersion=4.17.1-3586342%2B%2B%2BUE4%2BRelease-4.17&UserID=19edfe624dd9663309ee66aebb83c4f4%7Ca5362d4ee5c24fa2a8c749d4f4a57d44%7Cfa3d7fbc-39ba-41fd-8587-cc489c0af589&AppEnvironment=datacollector-binary&UploadType=eteventstream')
[2018.01.11-03.55.18:388][695]LogHttp: Warning: 0000017213388700: libcurl info message cache 8 (Could not resolve host: datarouter.ol.epicgames.com)
[2018.01.11-03.55.18:388][695]LogHttp: Warning: 0000017213388700: libcurl info message cache 9 (Closing connection 8)
[2018.01.11-04.01.45:436][454]LogFactory: FactoryCreateFile: Texture with ReimportTextureFactory (0 0 C:/Users/holmes/Downloads/TexturesCom_ConcreteDirty0408_M.jpg)
[2018.01.11-04.01.45:502][454]LogTexture: Display: Building textures: TexturesCom_ConcreteDirty0408_M (BGRA8, 1600X214)
[2018.01.11-04.01.49:668][602]LogMaterial: Missing cached shader map for material TexturesCom_ConcreteDirty0408_M_Mat, compiling. 
[2018.01.11-04.01.55:689][751]LogSavePackage: Save=889.68ms
[2018.01.11-04.01.55:689][751]LogSavePackage: Moving '../../../../[TorrentCounter.cc].Your.Name.2016.ESubs.1080p.BluRay.x264/OurProject/Saved/FirstPersonExampleMap_Auto28393BC744B15157CC9736DB759595D32.tmp' to '../../../../[TorrentCounter.cc].Your.Name.2016.ESubs.1080p.BluRay.x264/OurProject/Saved/Autosaves/Game/FirstPersonBP/Maps/FirstPersonExampleMap_Auto2.umap'
[2018.01.11-04.01.55:690][751]LogSavePackage: Display: Finished SavePackage ../../../../[TorrentCounter.cc].Your.Name.2016.ESubs.1080p.BluRay.x264/OurProject/Saved/Autosaves/Game/FirstPersonBP/Maps/FirstPersonExampleMap_Auto2.umap
[2018.01.11-04.01.55:697][751]LogSlate: Took 0.000463 seconds to synchronously load lazily loaded font '../../../Engine/Content/Slate/Fonts/Roboto-Regular.ttf' (155K)
[2018.01.11-04.01.55:700][751]LogFileHelpers: Editor autosave (incl. sublevels) for '/Game/FirstPersonBP/Maps/FirstPersonExampleMap' took 0.981
[2018.01.11-04.01.55:700][751]LogFileHelpers: Editor autosave (incl. sublevels) for all levels took 0.981
[2018.01.11-04.01.55:719][751]OBJ SavePackage: Generating thumbnails for [1] asset(s) in package [/Game/TexturesCom_ConcreteDirty0408_M] ([1] browsable assets)...
[2018.01.11-04.01.55:736][751]OBJ SavePackage:     Rendered thumbnail for [Texture2D /Game/TexturesCom_ConcreteDirty0408_M.TexturesCom_ConcreteDirty0408_M]
[2018.01.11-04.01.55:736][751]OBJ SavePackage: Finished generating thumbnails for package [/Game/TexturesCom_ConcreteDirty0408_M]
[2018.01.11-04.01.55:742][751]LogSavePackage: Save=4.33ms
[2018.01.11-04.01.55:742][751]LogSavePackage: Moving '../../../../[TorrentCounter.cc].Your.Name.2016.ESubs.1080p.BluRay.x264/OurProject/Saved/TexturesCom_ConcreteDirty0408_M_Auto26A230E60409A24DB368CA691A0A3D99E.tmp' to '../../../../[TorrentCounter.cc].Your.Name.2016.ESubs.1080p.BluRay.x264/OurProject/Saved/Autosaves/Game/TexturesCom_ConcreteDirty0408_M_Auto2.uasset'
[2018.01.11-04.01.55:743][751]LogSavePackage: Display: Finished SavePackage ../../../../[TorrentCounter.cc].Your.Name.2016.ESubs.1080p.BluRay.x264/OurProject/Saved/Autosaves/Game/TexturesCom_ConcreteDirty0408_M_Auto2.uasset
[2018.01.11-04.01.55:744][751]OBJ SavePackage: Generating thumbnails for [1] asset(s) in package [/Game/TexturesCom_ConcreteDirty0408_M_Mat] ([1] browsable assets)...
[2018.01.11-04.01.55:759][751]OBJ SavePackage:     Rendered thumbnail for [Material /Game/TexturesCom_ConcreteDirty0408_M_Mat.TexturesCom_ConcreteDirty0408_M_Mat]
[2018.01.11-04.01.55:759][751]OBJ SavePackage: Finished generating thumbnails for package [/Game/TexturesCom_ConcreteDirty0408_M_Mat]
[2018.01.11-04.01.55:806][751]LogSavePackage: Save=13.86ms
[2018.01.11-04.01.55:806][751]LogSavePackage: Moving '../../../../[TorrentCounter.cc].Your.Name.2016.ESubs.1080p.BluRay.x264/OurProject/Saved/TexturesCom_ConcreteDirty0408_M_Mat_Auto24A9C96A24F9B3A026520A3A38EE724C6.tmp' to '../../../../[TorrentCounter.cc].Your.Name.2016.ESubs.1080p.BluRay.x264/OurProject/Saved/Autosaves/Game/TexturesCom_ConcreteDirty0408_M_Mat_Auto2.uasset'
[2018.01.11-04.01.55:808][751]LogSavePackage: Display: Finished SavePackage ../../../../[TorrentCounter.cc].Your.Name.2016.ESubs.1080p.BluRay.x264/OurProject/Saved/Autosaves/Game/TexturesCom_ConcreteDirty0408_M_Mat_Auto2.uasset
[2018.01.11-04.01.55:808][751]LogFileHelpers: Auto-saving content packages took 0.090
[2018.01.11-04.02.08:307][300]LogHttp: Warning: 00000172097D4D00: request failed, libcurl error: 6 (Couldn't resolve host name)
[2018.01.11-04.02.08:307][300]LogHttp: Warning: 00000172097D4D00: libcurl info message cache 0 (Found bundle for host datarouter.ol.epicgames.com: 0x1736b0e3fd0 [can pipeline])
[2018.01.11-04.02.08:307][300]LogHttp: Warning: 00000172097D4D00: libcurl info message cache 1 (Re-using existing connection! (#10) with host datarouter.ol.epicgames.com)
[2018.01.11-04.02.08:307][300]LogHttp: Warning: 00000172097D4D00: libcurl info message cache 2 (Connected to datarouter.ol.epicgames.com (52.44.169.10) port 443 (#10))
[2018.01.11-04.02.08:307][300]LogHttp: Warning: 00000172097D4D00: libcurl info message cache 3 (upload completely sent off: 871 out of 871 bytes)
[2018.01.11-04.02.08:308][300]LogHttp: Warning: 00000172097D4D00: libcurl info message cache 4 (TLSv1.2 (IN), TLS alert, Client hello (1):)
[2018.01.11-04.02.08:308][300]LogHttp: Warning: 00000172097D4D00: libcurl info message cache 5 (Connection died, retrying a fresh connect)
[2018.01.11-04.02.08:308][300]LogHttp: Warning: 00000172097D4D00: libcurl info message cache 6 (Closing connection 10)
[2018.01.11-04.02.08:308][300]LogHttp: Warning: 00000172097D4D00: libcurl info message cache 7 (TLSv1.2 (OUT), TLS alert, Client hello (1):)
[2018.01.11-04.02.08:308][300]LogHttp: Warning: 00000172097D4D00: libcurl info message cache 8 (Issue another request to this URL: 'https://datarouter.ol.epicgames.com/datarouter/api/v1/public/data?SessionID=%7B9C06F5D2-4821-78FF-74D2-99B10FB5CEEF%7D&AppID=UEEditor.Rocket.Release&AppVersion=4.17.1-3586342%2B%2B%2BUE4%2BRelease-4.17&UserID=19edfe624dd9663309ee66aebb83c4f4%7Ca5362d4ee5c24fa2a8c749d4f4a57d44%7Cfa3d7fbc-39ba-41fd-8587-cc489c0af589&AppEnvironment=datacollector-binary&UploadType=eteventstream')
[2018.01.11-04.02.08:308][300]LogHttp: Warning: 00000172097D4D00: libcurl info message cache 9 (Could not resolve host: datarouter.ol.epicgames.com)
[2018.01.11-04.02.08:308][300]LogHttp: Warning: 00000172097D4D00: libcurl info message cache 10 (Closing connection 11)
[2018.01.11-04.02.28:263][966]LogEditorViewport: Clicking on Actor (LMB): StaticMeshActor (EditorCube21)
[2018.01.11-04.02.29:623][113]LogEditorViewport: Clicking on Actor (context menu): StaticMeshActor (EditorCube21)
[2018.01.11-04.02.37:750][635]LogEditorViewport: Clicking on Actor (LMB): StaticMeshActor (EditorCube21)
[2018.01.11-04.02.37:767][635]LogEditorViewport: Clicking on Component (LMB): StaticMeshComponent (StaticMeshComponent0)
[2018.01.11-04.02.39:165][785]LogEditorViewport: Clicking on Component (LMB): StaticMeshComponent (StaticMeshComponent0)
[2018.01.11-04.02.39:178][785]LogEditorViewport: Clicking on Actor (double click): StaticMeshActor (EditorCube21)
[2018.01.11-04.03.47:506][397]LogTexture: Display: Building textures: tex_snow_mask3 (AutoDXT, 1024X1024)
[2018.01.11-04.03.47:811][405]LogMaterial: Missing cached shader map for material tex_snow_mask3_Mat, compiling. 
[2018.01.11-04.03.47:832][405]LogMaterial: Warning: Material /Game/Textures/tex_snow_mask3_Mat.tex_snow_mask3_Mat needed to have new flag set bUsedWithStaticLighting !
[2018.01.11-04.03.47:855][405]LogMaterial: Missing cached shader map for material tex_snow_mask3_Mat, compiling. 
[2018.01.11-04.03.54:764][693]Cmd: TRANSACTION UNDO
[2018.01.11-04.03.54:764][693]LogEditorTransaction: Undo Create Actors
[2018.01.11-04.04.12:703][898]LogD3D11RHI: Error: Result failed 
 at D:\Build\++UE4+Release-4.17+Compile\Sync\Engine\Source\Runtime\Windows\D3D11RHI\Private\D3D11Query.cpp:134 
 with error DXGI_ERROR_DEVICE_REMOVED DXGI_ERROR_DEVICE_HUNG
[2018.01.11-04.04.12:734][898]LogWindows: Windows GetLastError: The operation completed successfully. (0)
[2018.01.11-04.04.14:566][898]LogWindows: Windows GetLastError: The operation completed successfully. (0)
[2018.01.11-04.04.14:577][898]LogWindows: Error: === Critical error: ===
[2018.01.11-04.04.14:577][898]LogWindows: Error: 
[2018.01.11-04.04.14:577][898]LogWindows: Error: Fatal error: [File:D:\Build\++UE4+Release-4.17+Compile\Sync\Engine\Source\Runtime\RenderCore\Private\RenderingThread.cpp] [Line: 811] 
[2018.01.11-04.04.14:577][898]LogWindows: Error: Rendering thread exception:
[2018.01.11-04.04.14:577][898]LogWindows: Error: Fatal error: [File:D:\Build\++UE4+Release-4.17+Compile\Sync\Engine\Source\Runtime\Windows\D3D11RHI\Private\D3D11Util.cpp] [Line: 182] 
[2018.01.11-04.04.14:577][898]LogWindows: Error: Unreal Engine is exiting due to D3D device being lost. (Error: 0x887A0006 - 'HUNG')
[2018.01.11-04.04.14:577][898]LogWindows: Error: 
[2018.01.11-04.04.14:577][898]LogWindows: Error: 
[2018.01.11-04.04.14:577][898]LogWindows: Error: KERNELBASE.dll!0x00000000967F1F28
[2018.01.11-04.04.14:577][898]LogWindows: Error: UE4Editor-Core.dll!0x0000000067D214B4
[2018.01.11-04.04.14:577][898]LogWindows: Error: UE4Editor-Core.dll!0x0000000067B0AD5B
[2018.01.11-04.04.14:577][898]LogWindows: Error: UE4Editor-Core.dll!0x0000000067AA0179
[2018.01.11-04.04.14:577][898]LogWindows: Error: UE4Editor-D3D11RHI.dll!0x0000000059B456FF
[2018.01.11-04.04.14:577][898]LogWindows: Error: UE4Editor-D3D11RHI.dll!0x0000000059B495B0
[2018.01.11-04.04.14:577][898]LogWindows: Error: UE4Editor-D3D11RHI.dll!0x0000000059B22087
[2018.01.11-04.04.14:577][898]LogWindows: Error: UE4Editor-D3D11RHI.dll!0x0000000059B364C7
[2018.01.11-04.04.14:577][898]LogWindows: Error: UE4Editor-RHI.dll!0x000000006C0B9635
[2018.01.11-04.04.14:577][898]LogWindows: Error: UE4Editor-SlateRHIRenderer.dll!0x000000005786E823
[2018.01.11-04.04.14:577][898]LogWindows: Error: UE4Editor-SlateRHIRenderer.dll!0x0000000057873DAE
[2018.01.11-04.04.14:577][898]LogWindows: Error: UE4Editor-Core.dll!0x00000000679724F5
[2018.01.11-04.04.14:577][898]LogWindows: Error: UE4Editor-Core.dll!0x0000000067972ADA
[2018.01.11-04.04.14:577][898]LogWindows: Error: UE4Editor-RenderCore.dll!0x000000006C181FB1
[2018.01.11-04.04.14:577][898]LogWindows: Error: UE4Editor-RenderCore.dll!0x000000006C183076
[2018.01.11-04.04.14:577][898]LogWindows: Error: UE4Editor-Core.dll!0x0000000067D20678
[2018.01.11-04.04.14:577][898]LogWindows: Error: UE4Editor-Core.dll!0x0000000067D16ECC
[2018.01.11-04.04.14:577][898]LogWindows: Error: KERNEL32.DLL!0x0000000097788102
[2018.01.11-04.04.14:577][898]LogWindows: Error: ntdll.dll!0x0000000099ADC5B4
[2018.01.11-04.04.14:577][898]LogWindows: Error: ntdll.dll!0x0000000099ADC5B4
[2018.01.11-04.04.14:577][898]LogWindows: Error: 
[2018.01.11-04.04.14:577][898]LogWindows: Error: 
[2018.01.11-04.04.14:577][898]LogWindows: Error: 
[2018.01.11-04.04.14:577][898]LogWindows: Error: 
[2018.01.11-04.04.14:596][898]LogExit: Executing StaticShutdownAfterError
[2018.01.11-04.04.14:799][898]LogWindows: FPlatformMisc::RequestExit(1)
[2018.01.11-04.04.14:799][898]Log file closed, 01/11/18 09:34:14
