Log file open, 01/11/18 09:44:09
LogWindows: LoadLibraryWithSearchPaths failed for file aqProf.dll. GetLastError=0
LogWindows: LoadLibraryWithSearchPaths failed for file VSPerf140.dll. GetLastError=0
LogWindows: LoadLibraryWithSearchPaths failed for file VtuneApi.dll. GetLastError=0
LogWindows: LoadLibraryWithSearchPaths failed for file VtuneApi32e.dll. GetLastError=0
LogInit: Display: Running engine for game: GK1
LogPlatformFile: Not using cached read wrapper
LogInit: Display: RandInit(2073261683) SRandInit(2073261683).
LogTaskGraph: Started task graph with 5 named threads and 14 total threads with 3 sets of task threads.
LogStats: Stats thread started at 0.174195
LogD3D11RHI: Aftermath initialized
LogPluginManager: Mounting plugin Paper2D
LogPluginManager: Mounting plugin LightPropagationVolume
LogPluginManager: Mounting plugin CodeLiteSourceCodeAccess
LogPluginManager: Mounting plugin GitSourceControl
LogPluginManager: Mounting plugin KDevelopSourceCodeAccess
LogPluginManager: Mounting plugin NullSourceCodeAccess
LogPluginManager: Mounting plugin PerforceSourceControl
LogPluginManager: Mounting plugin SubversionSourceControl
LogPluginManager: Mounting plugin UObjectPlugin
LogPluginManager: Mounting plugin VisualStudioSourceCodeAccess
LogPluginManager: Mounting plugin XCodeSourceCodeAccess
LogPluginManager: Mounting plugin AssetManagerEditor
LogPluginManager: Mounting plugin AudioCapture
LogPluginManager: Mounting plugin FacialAnimation
LogPluginManager: Mounting plugin GameplayTagsEditor
LogPluginManager: Mounting plugin MobileLauncherProfileWizard
LogPluginManager: Mounting plugin PluginBrowser
LogPluginManager: Mounting plugin SpeedTreeImporter
LogPluginManager: Mounting plugin AlembicImporter
LogPluginManager: Mounting plugin CharacterAI
LogPluginManager: Mounting plugin HTML5Networking
LogPluginManager: Mounting plugin AndroidMedia
LogPluginManager: Mounting plugin AvfMedia
LogPluginManager: Mounting plugin MediaPlayerEditor
LogPluginManager: Mounting plugin WmfMedia
LogPluginManager: Mounting plugin TcpMessaging
LogPluginManager: Mounting plugin UdpMessaging
LogPluginManager: Mounting plugin LevelSequenceEditor
LogPluginManager: Mounting plugin MatineeToLevelSequence
LogPluginManager: Mounting plugin OnlineSubsystemGooglePlay
LogPluginManager: Mounting plugin OnlineSubsystemIOS
LogPluginManager: Mounting plugin OnlineSubsystem
LogPluginManager: Mounting plugin OnlineSubsystemNull
LogPluginManager: Mounting plugin OnlineSubsystemUtils
LogPluginManager: Mounting plugin AndroidDeviceProfileSelector
LogPluginManager: Mounting plugin AndroidMoviePlayer
LogPluginManager: Mounting plugin AndroidPermission
LogPluginManager: Mounting plugin AppleMoviePlayer
LogPluginManager: Mounting plugin ArchVisCharacter
LogPluginManager: Mounting plugin CableComponent
LogPluginManager: Mounting plugin CustomMeshComponent
LogPluginManager: Mounting plugin ExampleDeviceProfileSelector
LogPluginManager: Mounting plugin GoogleCloudMessaging
LogPluginManager: Mounting plugin ImmediatePhysics
LogPluginManager: Mounting plugin IOSDeviceProfileSelector
LogPluginManager: Mounting plugin LinuxDeviceProfileSelector
LogPluginManager: Mounting plugin LocationServicesBPLibrary
LogPluginManager: Mounting plugin MobilePatchingUtils
LogPluginManager: Mounting plugin OculusVR
LogPluginManager: Mounting plugin PhysXVehicles
LogPluginManager: Mounting plugin ProceduralMeshComponent
LogPluginManager: Mounting plugin RuntimePhysXCooking
LogPluginManager: Mounting plugin SteamVR
LogPluginManager: Mounting plugin WindowsMoviePlayer
LogInit: Using libcurl 7.47.1
LogInit:  - built for x86_64-pc-win32
LogInit:  - supports SSL with OpenSSL/1.0.2g
LogInit:  - supports HTTP deflate (compression) using libz 1.2.8
LogInit:  - other features:
LogInit:      CURL_VERSION_SSL
LogInit:      CURL_VERSION_LIBZ
LogInit:      CURL_VERSION_IPV6
LogInit:      CURL_VERSION_ASYNCHDNS
LogInit:      CURL_VERSION_LARGEFILE
LogInit:      CURL_VERSION_IDN
LogInit:  CurlRequestOptions (configurable via config and command line):
LogInit:  - bVerifyPeer = false  - Libcurl will NOT verify peer certificate
LogInit:  - bUseHttpProxy = false  - Libcurl will NOT use HTTP proxy
LogInit:  - bDontReuseConnections = false  - Libcurl will reuse connections
LogInit:  - CertBundlePath = nullptr  - Libcurl will use whatever was configured at build time.
LogInit: Build: ++UE4+Release-4.17-CL-3586342
LogInit: Engine Version: 4.17.1-3586342+++UE4+Release-4.17
LogInit: Compatible Engine Version: 4.17.0-3573198+++UE4+Release-4.17
LogInit: Net CL: 3573198
LogDevObjectVersion: Number of dev versions registered: 16
LogDevObjectVersion:   Dev-Blueprints (B0D832E4-1F89-4F0D-ACCF-7EB736FD4AA2): 10
LogDevObjectVersion:   Dev-Build (E1C64328-A22C-4D53-A36C-8E866417BD8C): 0
LogDevObjectVersion:   Dev-Core (375EC13C-06E4-48FB-B500-84F0262A717E): 2
LogDevObjectVersion:   Dev-Editor (E4B068ED-F494-42E9-A231-DA0B2E46BB41): 20
LogDevObjectVersion:   Dev-Framework (CFFC743F-43B0-4480-9391-14DF171D2073): 28
LogDevObjectVersion:   Dev-Mobile (B02B49B5-BB20-44E9-A304-32B752E40360): 0
LogDevObjectVersion:   Dev-Networking (A4E4105C-59A1-49B5-A7C5-40C4547EDFEE): 0
LogDevObjectVersion:   Dev-Online (39C831C9-5AE6-47DC-9A44-9C173E1C8E7C): 0
LogDevObjectVersion:   Dev-Physics (78F01B33-EBEA-4F98-B9B4-84EACCB95AA2): 0
LogDevObjectVersion:   Dev-Platform (6631380F-2D4D-43E0-8009-CF276956A95A): 0
LogDevObjectVersion:   Dev-Rendering (12F88B9F-8875-4AFC-A67C-D90C383ABD29): 19
LogDevObjectVersion:   Dev-Sequencer (7B5AE74C-D270-4C10-A958-57980B212A5A): 4
LogDevObjectVersion:   Dev-VR (D7296918-1DD6-4BDD-9DE2-64A83CC13884): 0
LogDevObjectVersion:   Dev-LoadTimes (C2A15278-BFE7-4AFE-6C17-90FF531DF755): 1
LogDevObjectVersion:   Private-Geometry (6EACA3D4-40EC-4CC1-B786-8BED09428FC5): 1
LogDevObjectVersion:   Dev-AnimPhys (29E575DD-E0A3-4627-9D10-D276232CDCEA): 7
LogInit: Compiled (64-bit): Aug 15 2017 02:05:26
LogInit: Compiled with Visual C++: 19.00.24215.01
LogInit: Build Configuration: Development
LogInit: Branch Name: ++UE4+Release-4.17
LogInit: Command line:  
LogInit: Base directory: D:/UE_4.17/Engine/Binaries/Win64/
LogInit: Installed Engine Build: 1
LogInit: Presizing for max 8388607 objects, including 0 objects not considered by GC, pre-allocating 0 bytes for permanent pool.
LogInit: Object subsystem initialized
[2018.01.11-04.14.10:507][  0]LogInit: Selected Device Profile: [Windows]
[2018.01.11-04.14.10:507][  0]LogInit: Applying CVar settings loaded from the selected device profile: [Windows]
[2018.01.11-04.14.10:519][  0]LogInit: Computer: BEAST
[2018.01.11-04.14.10:519][  0]LogInit: User: holmes
[2018.01.11-04.14.10:519][  0]LogInit: CPU Page size=4096, Cores=4
[2018.01.11-04.14.10:519][  0]LogInit: High frequency timer resolution =2.531251 MHz
[2018.01.11-04.14.10:519][  0]LogMemory: Memory total: Physical=31.9GB (32GB approx)
[2018.01.11-04.14.10:519][  0]LogMemory: Platform Memory Stats for Windows
[2018.01.11-04.14.10:519][  0]LogMemory: Process Physical Memory: 278.04 MB used, 278.04 MB peak
[2018.01.11-04.14.10:519][  0]LogMemory: Process Virtual Memory: 275.68 MB used, 275.68 MB peak
[2018.01.11-04.14.10:519][  0]LogMemory: Physical Memory: 4051.48 MB used,  28649.31 MB free, 32700.80 MB total
[2018.01.11-04.14.10:519][  0]LogMemory: Virtual Memory: 661.75 MB used,  28649.31 MB free, 134217728.00 MB total
[2018.01.11-04.14.10:642][  0]LogInit: Using OS detected language (en-US).
[2018.01.11-04.14.10:642][  0]LogInit: Using OS detected locale (en-US).
[2018.01.11-04.14.10:647][  0]LogTextLocalizationManager: No specific localization for 'en-US' exists, so the 'en' localization will be used.
[2018.01.11-04.14.11:494][  0]LogD3D11RHI: D3D11 adapters:
[2018.01.11-04.14.11:540][  0]LogD3D11RHI:    0. 'NVIDIA GeForce GTX 1070' (Feature Level 11_0)
[2018.01.11-04.14.11:540][  0]LogD3D11RHI:       8109/0/16350 MB DedicatedVideo/DedicatedSystem/SharedSystem, Outputs:1, VendorId:0x10de
[2018.01.11-04.14.11:542][  0]LogD3D11RHI:    1. 'Microsoft Basic Render Driver' (Feature Level 11_0)
[2018.01.11-04.14.11:542][  0]LogD3D11RHI:       0/0/16350 MB DedicatedVideo/DedicatedSystem/SharedSystem, Outputs:0, VendorId:0x1414
[2018.01.11-04.14.11:542][  0]LogD3D11RHI: Chosen D3D11 Adapter: 0
[2018.01.11-04.14.11:546][  0]LogD3D11RHI: Creating new Direct3DDevice
[2018.01.11-04.14.11:546][  0]LogD3D11RHI:     GPU DeviceId: 0x1be1 (for the marketing name, search the web for "GPU Device Id")
[2018.01.11-04.14.11:546][  0]LogWindows: EnumDisplayDevices:
[2018.01.11-04.14.11:546][  0]LogWindows:    0. 'NVIDIA GeForce GTX 1070' (P:1 D:1)
[2018.01.11-04.14.11:546][  0]LogWindows:    1. 'NVIDIA GeForce GTX 1070' (P:0 D:0)
[2018.01.11-04.14.11:547][  0]LogWindows:    2. 'NVIDIA GeForce GTX 1070' (P:0 D:0)
[2018.01.11-04.14.11:547][  0]LogWindows:    3. 'NVIDIA GeForce GTX 1070' (P:0 D:0)
[2018.01.11-04.14.11:547][  0]LogWindows: DebugString: FoundDriverCount:4 
[2018.01.11-04.14.11:547][  0]LogD3D11RHI:     Adapter Name: NVIDIA GeForce GTX 1070
[2018.01.11-04.14.11:547][  0]LogD3D11RHI:   Driver Version: 388.59 (internal:23.21.13.8859, unified:388.59)
[2018.01.11-04.14.11:547][  0]LogD3D11RHI:      Driver Date: 12-5-2017
[2018.01.11-04.14.11:547][  0]LogRHI: Texture pool is 1361 MB (70% of 1945 MB)
[2018.01.11-04.14.11:566][  0]LogD3D11RHI: Async texture creation enabled
[2018.01.11-04.14.11:594][  0]LogD3D11RHI: GPU Timing Frequency: 1000.000000 (Debug: 2 1)
[2018.01.11-04.14.11:636][  0]LogShaderCompilers: Guid format shader working directory is -34 characters bigger than the processId version (../../../../[TorrentCounter.cc].Your.Name.2016.ESubs.1080p.BluRay.x264/OurProject/Intermediate/Shaders/WorkingDirectory/6888/).
[2018.01.11-04.14.11:636][  0]LogShaderCompilers: Cleaned the shader compiler working directory 'C:/Users/holmes/AppData/Local/Temp/UnrealShaderWorkingDir/19DD074A4EB91D5F9284B3A36BA8D824/'.
[2018.01.11-04.14.11:636][  0]LogShaderCompilers: Display: Using Local Shader Compiler.
[2018.01.11-04.14.12:617][  0]LogTemp: Display: Loaded TP AllDesktopTargetPlatform
[2018.01.11-04.14.12:663][  0]LogTemp: Display: Loaded TP MacClientTargetPlatform
[2018.01.11-04.14.12:712][  0]LogTemp: Display: Loaded TP MacNoEditorTargetPlatform
[2018.01.11-04.14.12:757][  0]LogTemp: Display: Loaded TP MacServerTargetPlatform
[2018.01.11-04.14.12:805][  0]LogTemp: Display: Loaded TP MacTargetPlatform
[2018.01.11-04.14.12:852][  0]LogTemp: Display: Loaded TP WindowsClientTargetPlatform
[2018.01.11-04.14.12:899][  0]LogTemp: Display: Loaded TP WindowsNoEditorTargetPlatform
[2018.01.11-04.14.12:944][  0]LogTemp: Display: Loaded TP WindowsServerTargetPlatform
[2018.01.11-04.14.12:983][  0]LogTemp: Display: Loaded TP WindowsTargetPlatform
[2018.01.11-04.14.13:030][  0]LogTemp: Display: Loaded TP AndroidTargetPlatform
[2018.01.11-04.14.13:077][  0]LogTemp: Display: Loaded TP Android_ASTCTargetPlatform
[2018.01.11-04.14.13:123][  0]LogTemp: Display: Loaded TP Android_ATCTargetPlatform
[2018.01.11-04.14.13:169][  0]LogTemp: Display: Loaded TP Android_DXTTargetPlatform
[2018.01.11-04.14.13:215][  0]LogTemp: Display: Loaded TP Android_ETC1TargetPlatform
[2018.01.11-04.14.13:260][  0]LogTemp: Display: Loaded TP Android_ETC2TargetPlatform
[2018.01.11-04.14.13:351][  0]LogTemp: Display: Loaded TP Android_MultiTargetPlatform
[2018.01.11-04.14.13:351][  0]LogTemp: Display: Loaded TP Android_PVRTCTargetPlatform
[2018.01.11-04.14.13:386][  0]LogTemp: Display: Loaded TP HTML5TargetPlatform
[2018.01.11-04.14.13:471][  0]LogTemp: Display: Loaded TP IOSTargetPlatform
[2018.01.11-04.14.13:498][  0]LogTemp: Display: Loaded TP TVOSTargetPlatform
[2018.01.11-04.14.13:544][  0]LogTemp: Display: Loaded TP LinuxClientTargetPlatform
[2018.01.11-04.14.13:591][  0]LogTemp: Display: Loaded TP LinuxNoEditorTargetPlatform
[2018.01.11-04.14.13:639][  0]LogTemp: Display: Loaded TP LinuxServerTargetPlatform
[2018.01.11-04.14.13:685][  0]LogTemp: Display: Loaded TP LinuxTargetPlatform
[2018.01.11-04.14.13:685][  0]LogTargetPlatformManager: Display: Building Assets For Windows
[2018.01.11-04.14.14:045][  0]LogDerivedDataCache: Display: Max Cache Size: 512 MB
[2018.01.11-04.14.14:145][  0]LogDerivedDataCache: Loaded boot cache 0.10s 93MB C:/Users/holmes/AppData/Local/UnrealEngine/4.17/DerivedDataCache/Boot.ddc.
[2018.01.11-04.14.14:145][  0]LogDerivedDataCache: Display: Loaded Boot cache: C:/Users/holmes/AppData/Local/UnrealEngine/4.17/DerivedDataCache/Boot.ddc
[2018.01.11-04.14.14:146][  0]LogDerivedDataCache: FDerivedDataBackendGraph:  Pak pak cache file ../../../../[TorrentCounter.cc].Your.Name.2016.ESubs.1080p.BluRay.x264/OurProject/DerivedDataCache/DDC.ddp not found, will not use a pak cache.
[2018.01.11-04.14.14:146][  0]LogDerivedDataCache: Unable to find inner node Pak for hierarchical cache Hierarchy.
[2018.01.11-04.14.14:146][  0]LogDerivedDataCache: FDerivedDataBackendGraph:  CompressedPak pak cache file ../../../../[TorrentCounter.cc].Your.Name.2016.ESubs.1080p.BluRay.x264/OurProject/DerivedDataCache/Compressed.ddp not found, will not use a pak cache.
[2018.01.11-04.14.14:146][  0]LogDerivedDataCache: Unable to find inner node CompressedPak for hierarchical cache Hierarchy.
[2018.01.11-04.14.14:165][  0]LogDerivedDataCache: Display: Pak cache opened for reading ../../../Engine/DerivedDataCache/Compressed.ddp.
[2018.01.11-04.14.14:177][  0]LogDerivedDataCache: Using Local data cache path C:/Users/holmes/AppData/Local/UnrealEngine/Common/DerivedDataCache: Writable
[2018.01.11-04.14.14:189][  0]LogMaterial: Verifying Global Shaders for PCD3D_SM5
[2018.01.11-04.14.14:190][  0]LogSlate: Using Freetype 2.6.0
[2018.01.11-04.14.14:191][  0]LogSlate: SlateFontCache - WITH_FREETYPE: 1, WITH_HARFBUZZ: 1
[2018.01.11-04.14.14:191][  0]LogSlate: SlateFontCache - WITH_FREETYPE: 1, WITH_HARFBUZZ: 1
[2018.01.11-04.14.14:490][  0]LogAssetRegistry: FAssetRegistry took 0.0269 seconds to start up
[2018.01.11-04.14.14:624][  0]LogInit: Selected Device Profile: [Windows]
[2018.01.11-04.14.14:798][  0]LogContentStreaming: Texture pool size is 0.00 MB
[2018.01.11-04.14.15:420][  0]LogSimplygon: Simplygon DLL not present - disabling.
[2018.01.11-04.14.15:542][  0]LogMeshReduction: Using SimplygonSwarm for distributed automatic mesh merging
[2018.01.11-04.14.15:542][  0]LogMeshReduction: Using QuadricMeshReduction for automatic static mesh reduction
[2018.01.11-04.14.15:542][  0]LogMeshReduction: No automatic skeletal mesh reduction module available
[2018.01.11-04.14.15:542][  0]LogMeshReduction: No automatic mesh merging module available
[2018.01.11-04.14.15:542][  0]LogMeshMerging: No automatic mesh merging module available
[2018.01.11-04.14.16:832][  0]LogNetVersion: GK1 , NetCL: 3573198, EngineNetVer: 2, GameNetVer: 0 (Checksum: 2152401544)
[2018.01.11-04.14.17:544][  0]LogPackageLocalizationCache: Processed 5 localized package path(s) for 2 prioritized culture(s) in 0.144466 seconds
[2018.01.11-04.14.17:561][  0]LogUObjectArray: 35825 objects as part of root set at end of initial load.
[2018.01.11-04.14.17:561][  0]LogUObjectAllocator: 7529104 out of 0 bytes used by permanent object pool.
[2018.01.11-04.14.17:561][  0]LogUObjectArray: CloseDisregardForGC: 0/0 objects in disregard for GC pool
[2018.01.11-04.14.17:720][  0]LogInit: WinSock: version 1.1 (2.2), MaxSocks=32767, MaxUdp=65467
[2018.01.11-04.14.21:965][  0]LogTcpMessaging: Initializing TcpMessaging bridge
[2018.01.11-04.14.22:000][  0]LogUdpMessaging: Initializing bridge on interface 0.0.0.0:0 to multicast group 230.0.0.1:6666.
[2018.01.11-04.14.22:600][  0]LogMaterial: Uniform references updated for custom material expression Custom.
[2018.01.11-04.14.22:985][  0]SourceControl: Source control is disabled
[2018.01.11-04.14.22:985][  0]SourceControl: Source control is disabled
[2018.01.11-04.14.23:028][  0]SourceControl: Source control is disabled
[2018.01.11-04.14.23:071][  0]SourceControl: Source control is disabled
[2018.01.11-04.14.23:592][  0]LogAndroidPermission: UAndroidPermissionCallbackProxy::GetInstance
[2018.01.11-04.14.23:813][  0]LogOcInput: OculusInput pre-init called
[2018.01.11-04.14.24:054][  0]LogEngine: Initializing Engine...
[2018.01.11-04.14.24:055][  0]LogHMD: Failed to initialize OpenVR with code 110
[2018.01.11-04.14.24:305][  0]LogStats: UGameplayTagsManager::ConstructGameplayTagTree: Construct from data asset -  0.000 s
[2018.01.11-04.14.24:306][  0]LogStats: UGameplayTagsManager::ConstructGameplayTagTree: GameplayTagTreeChangedEvent.Broadcast -  0.000 s
[2018.01.11-04.14.24:420][  0]LogAIModule: Creating AISystem for world Untitled
[2018.01.11-04.14.24:425][  0]LogInit: XAudio2 using 'Speakers (Realtek High Definition Audio)' : 2 channels at 48 kHz using 32 bits per sample (channel mask 0x3)
[2018.01.11-04.14.24:485][  0]LogInit: FAudioDevice initialized.
[2018.01.11-04.14.24:571][  0]LogDerivedDataCache: Saved boot cache 0.09s 93MB C:/Users/holmes/AppData/Local/UnrealEngine/4.17/DerivedDataCache/Boot.ddc.
[2018.01.11-04.14.24:585][  0]LogInit: Texture streaming: Enabled
[2018.01.11-04.14.24:674][  0]LogEngineSessionManager: EngineSessionManager initialized
[2018.01.11-04.14.24:674][  0]LogEngineSessionManager: EngineSessionManager sent abnormal shutdown report. Type=Crashed, SessionId={424D675A-4308-515B-700E-04892CD7F0CB}
[2018.01.11-04.14.24:868][  0]LogInit: Transaction tracking system initialized
[2018.01.11-04.14.25:124][  0]BlueprintLog: New page: Editor Load
[2018.01.11-04.14.25:885][  0]LocalizationService: Localization service is disabled
[2018.01.11-04.14.26:805][  0]LogConsoleResponse: Display: 
[2018.01.11-04.14.27:002][  0]LogCook: Display: Max memory allowance for cook 16384mb min free memory 0mb
[2018.01.11-04.14.27:003][  0]LogCook: Display: Mobile HDR setting 1
[2018.01.11-04.14.27:003][  0]LogGameplayTags: Display: UGameplayTagsManager::DoneAddingNativeTags. DelegateIsBound: 0
[2018.01.11-04.14.27:936][  0]LogFileCache: Scanning file cache for directory 'D:/[TorrentCounter.cc].Your.Name.2016.ESubs.1080p.BluRay.x264/OurProject/Content/' took 0.02s
[2018.01.11-04.14.27:936][  0]SourceControl: Source control is disabled
[2018.01.11-04.14.27:936][  0]Cmd: MAP LOAD FILE="../../../../[TorrentCounter.cc].Your.Name.2016.ESubs.1080p.BluRay.x264/OurProject/Content/FirstPersonBP/Maps/FirstPersonExampleMap.umap" TEMPLATE=0 SHOWPROGRESS=1 FEATURELEVEL=3
[2018.01.11-04.14.27:937][  0]LightingResults: New page: Lighting Build
[2018.01.11-04.14.27:971][  0]MapCheck: New page: Map Check
[2018.01.11-04.14.27:971][  0]LightingResults: New page: Lighting Build
[2018.01.11-04.14.29:097][  0]LogAIModule: Creating AISystem for world FirstPersonExampleMap
[2018.01.11-04.14.29:144][  0]LogEditorServer: Finished looking for orphan Actors (0.000 secs)
[2018.01.11-04.14.29:154][  0]LogNavigation: Error: Navmesh bounds are too large! Limiting requested tiles count (5534584) to: (1048576)
[2018.01.11-04.14.29:200][  0]Cmd: MAP CHECKDEP NOCLEARLOG
[2018.01.11-04.14.29:290][  0]MapCheck: Map check complete: 0 Error(s), 0 Warning(s), took 90.861ms to complete.
[2018.01.11-04.14.29:291][  0]LogFileHelpers: Loading map 'FirstPersonExampleMap' took 1.355
[2018.01.11-04.14.29:350][  0]LogWindowsTextInputMethodSystem: Display: IME system now deactivated.
[2018.01.11-04.14.29:439][  0]LogCollectionManager: Loaded 0 collections in 0.001170 seconds
[2018.01.11-04.14.29:515][  0]LogFileCache: Scanning file cache for directory 'D:/[TorrentCounter.cc].Your.Name.2016.ESubs.1080p.BluRay.x264/OurProject/Saved/Collections/' took 0.01s
[2018.01.11-04.14.29:515][  0]LogFileCache: Scanning file cache for directory 'D:/[TorrentCounter.cc].Your.Name.2016.ESubs.1080p.BluRay.x264/OurProject/Content/Developers/holmes/Collections/' took 0.01s
[2018.01.11-04.14.29:515][  0]LogFileCache: Scanning file cache for directory 'D:/[TorrentCounter.cc].Your.Name.2016.ESubs.1080p.BluRay.x264/OurProject/Content/Collections/' took 0.01s
[2018.01.11-04.14.29:515][  0]LogCollectionManager: Rebuilt the GUID cache for 0 collections in 0.000000 seconds
[2018.01.11-04.14.29:525][  0]LogContentBrowser: Native class hierarchy populated in 0.0096 seconds. Added 2386 classes and 500 folders.
[2018.01.11-04.14.29:579][  0]LogContentBrowser: Native class hierarchy updated for 'WidgetCarousel' in 0.0008 seconds. Added 0 classes and 0 folders.
[2018.01.11-04.14.29:645][  0]LogContentBrowser: Native class hierarchy updated for 'AddContentDialog' in 0.0008 seconds. Added 0 classes and 0 folders.
[2018.01.11-04.14.29:685][  0]LogContentBrowser: Native class hierarchy updated for 'SceneOutliner' in 0.0008 seconds. Added 1 classes and 2 folders.
[2018.01.11-04.14.29:780][  0]LogSlate: Took 0.000363 seconds to synchronously load lazily loaded font '../../../Engine/Content/Slate/Fonts/Roboto-Regular.ttf' (155K)
[2018.01.11-04.14.29:783][  0]LogSlate: Took 0.000346 seconds to synchronously load lazily loaded font '../../../Engine/Content/Slate/Fonts/Roboto-Bold.ttf' (160K)
[2018.01.11-04.14.29:788][  0]LogSlate: Took 0.000292 seconds to synchronously load lazily loaded font '../../../Engine/Content/Editor/Slate/Fonts/FontAwesome.ttf' (139K)
[2018.01.11-04.14.29:881][  0]LogRenderer: Reallocating scene render targets to support 1476x656 Format 9 NumSamples 1 (Frame:1).
[2018.01.11-04.14.30:085][  0]LogContentBrowser: Native class hierarchy updated for 'HierarchicalLODOutliner' in 0.0009 seconds. Added 1 classes and 2 folders.
[2018.01.11-04.14.30:085][  0]LogLoad: (Engine Initialization) Total time: 21.24 seconds
[2018.01.11-04.14.30:085][  0]LogLoad: (Engine Initialization) Total Blueprint compile time: 0.00 seconds
[2018.01.11-04.14.30:085][  0]LogExternalProfiler: No external profilers were discovered.  External profiling features will not be available.
[2018.01.11-04.14.30:115][  0]LogContentStreaming: Texture pool size now 600 MB
[2018.01.11-04.14.30:134][  1]LogAssetRegistry: Asset discovery search completed in 15.6658 seconds
[2018.01.11-04.14.30:136][  1]LogCollectionManager: Rebuilt the object cache for 0 collections in 0.000001 seconds (found 0 objects)
[2018.01.11-04.14.30:136][  1]LogCollectionManager: Fixed up redirectors for 0 collections in 0.000059 seconds (updated 0 objects)
[2018.01.11-04.15.30:102][180]LogHttp: Warning: 00000189B9CC5A80: request failed, libcurl error: 6 (Couldn't resolve host name)
[2018.01.11-04.15.30:102][180]LogHttp: Warning: 00000189B9CC5A80: libcurl info message cache 0 (Could not resolve host: datarouter.ol.epicgames.com)
[2018.01.11-04.15.30:102][180]LogHttp: Warning: 00000189B9CC5A80: libcurl info message cache 1 (Closing connection 0)
[2018.01.11-04.16.46:154][ 52]LogTemp: Repeating last play command: Selected Viewport
[2018.01.11-04.16.46:336][ 52]LogBlueprintUserMessages: Early PlayInEditor Detection: Level '/Game/FirstPersonBP/Maps/FirstPersonExampleMap.FirstPersonExampleMap:PersistentLevel' has LevelScriptBlueprint '/Game/FirstPersonBP/Maps/FirstPersonExampleMap.FirstPersonExampleMap:PersistentLevel.FirstPersonExampleMap' with GeneratedClass '/Game/FirstPersonBP/Maps/FirstPersonExampleMap.FirstPersonExampleMap_C' with ClassGeneratedBy '/Game/FirstPersonBP/Maps/FirstPersonExampleMap.FirstPersonExampleMap:PersistentLevel.FirstPersonExampleMap'
[2018.01.11-04.16.46:336][ 52]LogPlayLevel: PlayLevel: No blueprints needed recompiling
[2018.01.11-04.16.46:338][ 52]PIE: New page: PIE session: FirstPersonExampleMap (Jan 11, 2018, 3:16:46 PM)
[2018.01.11-04.16.46:338][ 52]LogPlayLevel: Creating play world package: /Game/FirstPersonBP/Maps/UEDPIE_0_FirstPersonExampleMap
[2018.01.11-04.16.47:180][ 52]LogPlayLevel: PIE: StaticDuplicateObject took: (0.841152s)
[2018.01.11-04.16.47:182][ 52]LogAIModule: Creating AISystem for world FirstPersonExampleMap
[2018.01.11-04.16.47:182][ 52]LogPlayLevel: PIE: World Init took: (0.002587s)
[2018.01.11-04.16.47:183][ 52]LogPlayLevel: PIE: Created PIE world by copying editor world from /Game/FirstPersonBP/Maps/FirstPersonExampleMap.FirstPersonExampleMap to /Game/FirstPersonBP/Maps/UEDPIE_0_FirstPersonExampleMap.FirstPersonExampleMap (0.844560s)
[2018.01.11-04.16.47:230][ 52]LogInit: XAudio2 using 'Speakers (Realtek High Definition Audio)' : 2 channels at 48 kHz using 32 bits per sample (channel mask 0x3)
[2018.01.11-04.16.47:255][ 52]LogInit: FAudioDevice initialized.
[2018.01.11-04.16.47:316][ 52]LogLoad: Game class is 'FirstPersonGameMode_C'
[2018.01.11-04.16.47:402][ 52]LogWorld: Bringing World /Game/FirstPersonBP/Maps/UEDPIE_0_FirstPersonExampleMap.FirstPersonExampleMap up for play (max tick rate 0) at 2018.01.11-09.46.47
[2018.01.11-04.16.47:411][ 52]LogWorld: Bringing up level for play took: 0.089338
[2018.01.11-04.16.47:564][ 52]LogContentBrowser: Native class hierarchy updated for 'MovieSceneCapture' in 0.0029 seconds. Added 11 classes and 0 folders.
[2018.01.11-04.16.47:566][ 52]PIE: Play in editor start time for /Game/FirstPersonBP/Maps/UEDPIE_0_FirstPersonExampleMap 0.5
[2018.01.11-04.16.47:567][ 52]LogBlueprintUserMessages: Late PlayInEditor Detection: Level '/Game/FirstPersonBP/Maps/FirstPersonExampleMap.FirstPersonExampleMap:PersistentLevel' has LevelScriptBlueprint '/Game/FirstPersonBP/Maps/FirstPersonExampleMap.FirstPersonExampleMap:PersistentLevel.FirstPersonExampleMap' with GeneratedClass '/Game/FirstPersonBP/Maps/FirstPersonExampleMap.FirstPersonExampleMap_C' with ClassGeneratedBy '/Game/FirstPersonBP/Maps/FirstPersonExampleMap.FirstPersonExampleMap:PersistentLevel.FirstPersonExampleMap'
[2018.01.11-04.17.02:426][502]LogNet: Browse: /Game/FirstPersonBP/Maps/screenshot_map
[2018.01.11-04.17.02:479][502]LogLoad: LoadMap: /Game/FirstPersonBP/Maps/screenshot_map
[2018.01.11-04.17.02:529][502]Cmd: MEM
[2018.01.11-04.17.02:539][502]LogMemory: Platform Memory Stats for Windows
[2018.01.11-04.17.02:540][502]LogMemory: Process Physical Memory: 1230.77 MB used, 1424.81 MB peak
[2018.01.11-04.17.02:540][502]LogMemory: Process Virtual Memory: 1735.99 MB used, 1927.16 MB peak
[2018.01.11-04.17.02:540][502]LogMemory: Physical Memory: 5169.14 MB used,  27531.66 MB free, 32700.80 MB total
[2018.01.11-04.17.02:540][502]LogMemory: Virtual Memory: 2568.80 MB used,  27531.66 MB free, 134217728.00 MB total
[2018.01.11-04.17.02:540][502]LogMemory: 
[2018.01.11-04.17.02:540][502]Allocator Stats for TBB: (not implemented)
[2018.01.11-04.17.15:525][502]LogAIModule: Creating AISystem for world screenshot_map
[2018.01.11-04.17.15:525][502]LogLoad: Game class is 'FirstPersonGameMode_C'
[2018.01.11-04.17.15:572][502]LogWorld: Bringing World /Game/FirstPersonBP/Maps/UEDPIE_0_screenshot_map.screenshot_map up for play (max tick rate 0) at 2018.01.11-09.47.15
[2018.01.11-04.17.15:583][502]LogWorld: Bringing up level for play took: 0.057129
[2018.01.11-04.17.15:587][502]LogLoad: Took 13.108899 seconds to LoadMap(/Game/FirstPersonBP/Maps/screenshot_map)
[2018.01.11-04.17.15:661][503]LogCharacterMovement: Warning: GetSimulationTimeStep() - Max iterations 8 hit while remaining time 0.086699 > MaxSimulationTimeStep (0.050) for 'FirstPersonCharacter_C_0', movement 'Walking'
[2018.01.11-04.17.15:661][503]LogCharacterMovement: Warning: GetSimulationTimeStep() - Max iterations 8 hit while remaining time 0.069015 > MaxSimulationTimeStep (0.050) for 'killerAI2_94', movement 'Walking'
[2018.01.11-04.17.18:009][575]LogBlueprintUserMessages: Early EndPlayMap Detection: Level '/Game/FirstPersonBP/Maps/FirstPersonExampleMap.FirstPersonExampleMap:PersistentLevel' has LevelScriptBlueprint '/Game/FirstPersonBP/Maps/FirstPersonExampleMap.FirstPersonExampleMap:PersistentLevel.FirstPersonExampleMap' with GeneratedClass '/Game/FirstPersonBP/Maps/FirstPersonExampleMap.FirstPersonExampleMap_C' with ClassGeneratedBy '/Game/FirstPersonBP/Maps/FirstPersonExampleMap.FirstPersonExampleMap:PersistentLevel.FirstPersonExampleMap'
[2018.01.11-04.17.18:074][575]LogBlueprintUserMessages: Late EndPlayMap Detection: Level '/Game/FirstPersonBP/Maps/FirstPersonExampleMap.FirstPersonExampleMap:PersistentLevel' has LevelScriptBlueprint '/Game/FirstPersonBP/Maps/FirstPersonExampleMap.FirstPersonExampleMap:PersistentLevel.FirstPersonExampleMap' with GeneratedClass '/Game/FirstPersonBP/Maps/FirstPersonExampleMap.FirstPersonExampleMap_C' with ClassGeneratedBy '/Game/FirstPersonBP/Maps/FirstPersonExampleMap.FirstPersonExampleMap:PersistentLevel.FirstPersonExampleMap'
[2018.01.11-04.17.30:183][ 74]LogHttp: Warning: 00000189BF709780: request failed, libcurl error: 6 (Couldn't resolve host name)
[2018.01.11-04.17.30:183][ 74]LogHttp: Warning: 00000189BF709780: libcurl info message cache 0 (Could not resolve host: datarouter.ol.epicgames.com)
[2018.01.11-04.17.30:183][ 74]LogHttp: Warning: 00000189BF709780: libcurl info message cache 1 (Closing connection 1)
[2018.01.11-04.17.43:541][527]LogTemp: Executing iPhonePackager certificates Engine -bundlename com.YourCompany.GK1
[2018.01.11-04.17.43:541][527]LogTemp: CWD: D:\UE_4.17\Engine\Binaries\DotNET\IOS
[2018.01.11-04.17.43:541][527]LogTemp: Initial Dir: D:\UE_4.17
[2018.01.11-04.17.43:541][527]LogTemp: Env CWD: D:\UE_4.17\Engine\Binaries\DotNET\IOS
[2018.01.11-04.17.43:584][528]LogTemp: BranchPath = BEAST/D/UE_4.17/Engine/Binaries --- GameBranchPath = BEAST/D/UE_4.17/Engine/Binaries
[2018.01.11-04.17.43:615][528]LogTemp: IPP ERROR: Could not find provision directory 'C:\Users\holmes\AppData\Local/Apple Computer/MobileDevice/Provisioning Profiles/'.
[2018.01.11-04.19.22:343][591]MapCheck: New page: Map Check
[2018.01.11-04.19.22:736][591]Cmd: MAP REBUILD ALLVISIBLE
[2018.01.11-04.19.22:736][591]LogEditorServer: Rebuildmap Clear paths rebuilt
[2018.01.11-04.19.23:049][591]LogNavigation: Error: Navmesh bounds are too large! Limiting requested tiles count (5534584) to: (1048576)
[2018.01.11-04.19.25:201][591]LogMaterial: Missing cached shader map for material FDebugViewModeMaterialProxy WorldGridMaterial, compiling. Is special engine material.
[2018.01.11-04.19.25:210][591]LogMaterial: Missing cached shader map for material FDebugViewModeMaterialProxy MaterialInstanceDynamic_1, compiling. 
[2018.01.11-04.19.25:221][591]LogMaterial: Missing cached shader map for material FDebugViewModeMaterialProxy CubeMaterialOverride, compiling. 
[2018.01.11-04.19.25:231][591]LogMaterial: Missing cached shader map for material FDebugViewModeMaterialProxy TexturesCom_ConcreteDirty0408_M_Mat, compiling. 
[2018.01.11-04.19.25:239][591]LogMaterial: Missing cached shader map for material FDebugViewModeMaterialProxy CubeMaterial, compiling. 
[2018.01.11-04.19.25:249][591]LogMaterial: Missing cached shader map for material FDebugViewModeMaterialProxy T_Brick_Hewn_Stone_Mat, compiling. 
[2018.01.11-04.19.25:257][591]LogMaterial: Missing cached shader map for material FDebugViewModeMaterialProxy T_Wood_Floor_Walnut_M_Mat, compiling. 
[2018.01.11-04.19.25:267][591]LogMaterial: Missing cached shader map for material FDebugViewModeMaterialProxy M_Concrete_Tiles, compiling. 
[2018.01.11-04.19.25:276][591]LogMaterial: Missing cached shader map for material FDebugViewModeMaterialProxy T_CobbleStone_Rough_Mat, compiling. 
[2018.01.11-04.19.25:285][591]LogMaterial: Missing cached shader map for material FDebugViewModeMaterialProxy T_CobbleStone_Pebble_Mat, compiling. 
[2018.01.11-04.19.25:293][591]LogMaterial: Missing cached shader map for material FDebugViewModeMaterialProxy T_Brick_Clay_Old_Mat, compiling. 
[2018.01.11-04.19.25:301][591]LogMaterial: Missing cached shader map for material FDebugViewModeMaterialProxy BasicShapeMaterial, compiling. 
[2018.01.11-04.19.25:309][591]LogMaterial: Missing cached shader map for material FDebugViewModeMaterialProxy M_Bush, compiling. 
[2018.01.11-04.19.25:316][591]LogMaterial: Missing cached shader map for material FDebugViewModeMaterialProxy T_Wood_Pine_Mat, compiling. 
[2018.01.11-04.19.25:321][591]LogMaterial: Missing cached shader map for material FDebugViewModeMaterialProxy M_Fire_SubUV, compiling. 
[2018.01.11-04.19.25:327][591]LogMaterial: Missing cached shader map for material FDebugViewModeMaterialProxy M_smoke_subUV, compiling. 
[2018.01.11-04.19.25:333][591]LogMaterial: Missing cached shader map for material FDebugViewModeMaterialProxy M_Radial_Gradient, compiling. 
[2018.01.11-04.19.25:338][591]LogMaterial: Missing cached shader map for material FDebugViewModeMaterialProxy M_Heat_Distortion, compiling. 
[2018.01.11-04.19.25:347][591]LogMaterial: Missing cached shader map for material FDebugViewModeMaterialProxy MatineeCam_mat, compiling. 
[2018.01.11-04.19.25:354][591]LogMaterial: Missing cached shader map for material FDebugViewModeMaterialProxy M_FPGun, compiling. 
[2018.01.11-04.19.25:367][591]LogMaterial: Missing cached shader map for material FDebugViewModeMaterialProxy M_UE4Man_Body, compiling. 
[2018.01.11-04.19.25:380][591]LogMaterial: Missing cached shader map for material FDebugViewModeMaterialProxy M_UE4Man_Body, compiling. 
[2018.01.11-04.19.25:392][591]LogMaterial: Missing cached shader map for material FDebugViewModeMaterialProxy M_UE4Man_ChestLogo, compiling. 
[2018.01.11-04.19.25:401][591]LogMaterial: Missing cached shader map for material FDebugViewModeMaterialProxy tex_leave_Mat, compiling. 
[2018.01.11-04.19.26:773][591]TextureStreamingBuild: Display: Compiling optional shaders took 1.581 seconds.
[2018.01.11-04.19.26:872][591]LogLevel: Display: Export Material TexCoord Scales took 0.099 seconds.
[2018.01.11-04.19.26:895][591]TextureStreamingBuild: Display: Build Texture Streaming took 0.022 seconds.
[2018.01.11-04.19.26:921][591]LightingResults: New page: Lighting Build - Jan 11, 2018, 3:19:26 PM
[2018.01.11-04.19.27:025][591]LogSwarmInterface: [OpenConnection] Registering TCP channel ...
[2018.01.11-04.19.27:153][591]LogSwarmInterface: [OpenConnection] Connecting to agent ...
[2018.01.11-04.19.27:185][591]LogSwarmInterface: [TryOpenConnection] Testing the Agent
[2018.01.11-04.19.27:706][591]LogSwarmInterface: [TryOpenConnection] Opening Connection to Agent
[2018.01.11-04.19.27:706][591]LogSwarmInterface: [TryOpenConnection] Local Process ID is 6888
[2018.01.11-04.19.28:444][591]LogStaticLightingSystem: Running Lightmass w/ ImmediateImport mode ENABLED
[2018.01.11-04.19.28:444][591]LogStaticLightingSystem: Running Lightmass w/ ImmediateProcess mode ENABLED
[2018.01.11-04.19.28:444][591]LogStaticLightingSystem: Running Lightmass w/ Sorting mode ENABLED
[2018.01.11-04.19.28:444][591]LogStaticLightingSystem: Running Lightmass w/ Mapping paddings ENABLED
[2018.01.11-04.19.28:444][591]LogStaticLightingSystem: Running Lightmass w/ Mapping debug paddings DISABLED
[2018.01.11-04.19.28:588][591]Cmd: MAP CHECK DONTDISPLAYDIALOG
[2018.01.11-04.19.28:588][591]MapCheck: New page: FirstPersonExampleMap - Jan 11, 2018, 3:19:28 PM
[2018.01.11-04.19.28:710][591]MapCheck: Map check complete: 0 Error(s), 0 Warning(s), took 122.392ms to complete.
[2018.01.11-04.19.28:733][591]LogEditorBuildUtils: Build time 0:06
[2018.01.11-04.19.28:771][591]LogMaterial: Missing cached shader map for material FLightmassMaterialRenderer MaterialInstanceDynamic_1, compiling. 
[2018.01.11-04.19.28:778][591]LogMaterial: Missing cached shader map for material FLightmassMaterialRenderer MaterialInstanceDynamic_1, compiling. 
[2018.01.11-04.19.30:261][603]LogHttp: Warning: 00000189DF916E00: request failed, libcurl error: 6 (Couldn't resolve host name)
[2018.01.11-04.19.30:261][603]LogHttp: Warning: 00000189DF916E00: libcurl info message cache 0 (Could not resolve host: datarouter.ol.epicgames.com)
[2018.01.11-04.19.30:262][603]LogHttp: Warning: 00000189DF916E00: libcurl info message cache 1 (Closing connection 2)
[2018.01.11-04.21.17:401][ 47]Job is a success!
[2018.01.11-04.21.18:065][ 48]LogSlate: Took 0.000527 seconds to synchronously load lazily loaded font '../../../Engine/Content/Slate/Fonts/Roboto-Light.ttf' (159K)
[2018.01.11-04.21.21:451][ 48]LogTexture: Display: Building textures: SkyOcclusion1_1 (AutoDXT, 2048X1024)
[2018.01.11-04.21.21:451][ 48]LogTexture: Display: Building textures: HQ_Lightmap1_1 (AutoDXT, 2048X2048)
[2018.01.11-04.21.21:451][ 48]LogTexture: Display: Building textures: SkyOcclusion1_2 (AutoDXT, 2048X1024)
[2018.01.11-04.21.21:451][ 48]LogTexture: Display: Building textures: LQ_Lightmap_1_1 (DXT1, 2048X2048)
[2018.01.11-04.21.21:451][ 48]LogTexture: Display: Building textures: HQ_Lightmap1_2 (AutoDXT, 2048X2048)
[2018.01.11-04.21.21:451][ 48]LogTexture: Display: Building textures: LQ_Lightmap_1_2 (DXT1, 2048X2048)
[2018.01.11-04.21.21:451][ 48]LogTexture: Display: Building textures: SkyOcclusion1_3 (AutoDXT, 2048X1024)
[2018.01.11-04.21.21:451][ 48]LogTexture: Display: Building textures: HQ_Lightmap1_3 (AutoDXT, 2048X2048)
[2018.01.11-04.21.21:451][ 48]LogTexture: Display: Building textures: LQ_Lightmap_1_3 (DXT1, 2048X2048)
[2018.01.11-04.21.21:451][ 48]LogTexture: Display: Building textures: SkyOcclusion1_4 (AutoDXT, 256X128)
[2018.01.11-04.21.21:451][ 48]LogTexture: Display: Building textures: HQ_Lightmap1_4 (AutoDXT, 256X256)
[2018.01.11-04.21.21:451][ 48]LogTexture: Display: Building textures: LQ_Lightmap_1_4 (DXT1, 256X256)
[2018.01.11-04.21.21:451][ 48]LogTexture: Display: Building textures: SkyOcclusion1_5 (AutoDXT, 256X128)
[2018.01.11-04.21.21:451][ 48]LogTexture: Display: Building textures: HQ_Lightmap1_5 (AutoDXT, 256X256)
[2018.01.11-04.21.21:451][ 48]LogTexture: Display: Building textures: LQ_Lightmap_1_5 (DXT1, 256X256)
[2018.01.11-04.21.21:451][ 48]LogTexture: Display: Building textures: SkyOcclusion0_6 (AutoDXT, 64X32)
[2018.01.11-04.21.21:452][ 48]LogTexture: Display: Building textures: HQ_Lightmap0_6 (AutoDXT, 64X64)
[2018.01.11-04.21.21:452][ 48]LogTexture: Display: Building textures: LQ_Lightmap_0_6 (DXT1, 64X64)
[2018.01.11-04.21.21:852][ 48]LogTexture: Display: Building textures: ShadowMapTexture2D_9 (G8, 1024X1024)
[2018.01.11-04.21.21:852][ 48]LogTexture: Display: Building textures: ShadowMapTexture2D_10 (G8, 1024X1024)
[2018.01.11-04.21.21:852][ 48]LogTexture: Display: Building textures: ShadowMapTexture2D_8 (G8, 1024X1024)
[2018.01.11-04.21.22:052][ 48]LogTexture: Display: Building textures: ShadowMapTexture2D_11 (G8, 1024X1024)
[2018.01.11-04.21.22:052][ 48]LogTexture: Display: Building textures: ShadowMapTexture2D_14 (G8, 256X64)
[2018.01.11-04.21.22:052][ 48]LogTexture: Display: Building textures: ShadowMapTexture2D_16 (G8, 32X32)
[2018.01.11-04.21.22:052][ 48]LogTexture: Display: Building textures: ShadowMapTexture2D_15 (G8, 64X128)
[2018.01.11-04.21.22:052][ 48]LogTexture: Display: Building textures: ShadowMapTexture2D_12 (G8, 1024X1024)
[2018.01.11-04.21.22:100][ 48]LogTexture: Display: Building textures: ShadowMapTexture2D_13 (G8, 1024X1024)
[2018.01.11-04.21.22:135][ 48]Lightmass on BEAST: 1:52 min total, 144 ms importing, 10 ms setup, 10.1 sec photons, 1:41 min processing, 0 ms extra exporting [64/64 mappings]. Threads: 11:51 min total, 6:43 min processing.
[2018.01.11-04.21.22:268][ 48]LogStaticLightingSystem: Illumination: 1:54 min (2.49 sec encoding lightmaps, 647 ms encoding shadowmaps)
[2018.01.11-04.21.22:268][ 48]LogStaticLightingSystem: Lightmap texture memory:  32.3 MB (32.2 MB streaming, 0.2 MB non-streaming), 12 textures
[2018.01.11-04.21.22:268][ 48]LogStaticLightingSystem: Shadowmap texture memory: 8.0 MB (8.0 MB streaming, 0.0 MB non-streaming), 9 textures
[2018.01.11-04.21.25:439][ 48]DumpUnbuiltLightIteractions
[2018.01.11-04.21.25:439][ 48]Lights with unbuilt interactions: 0
[2018.01.11-04.21.25:439][ 48]
[2018.01.11-04.21.25:439][ 48]Primitives with unbuilt interactions: 0
[2018.01.11-04.21.25:445][ 49]Cmd: MAP CHECK NOTIFYRESULTS
[2018.01.11-04.21.25:445][ 49]MapCheck: New page: FirstPersonExampleMap - Jan 11, 2018, 3:21:25 PM
[2018.01.11-04.21.25:750][ 49]MapCheck: Map check complete: 0 Error(s), 0 Warning(s), took 305.785ms to complete.
[2018.01.11-04.21.30:757][ 65]LogHttp: Warning: 00000189B161C100: request failed, libcurl error: 6 (Couldn't resolve host name)
[2018.01.11-04.21.30:757][ 65]LogHttp: Warning: 00000189B161C100: libcurl info message cache 0 (Could not resolve host: datarouter.ol.epicgames.com)
[2018.01.11-04.21.30:757][ 65]LogHttp: Warning: 00000189B161C100: libcurl info message cache 1 (Closing connection 3)
[2018.01.11-04.22.42:519][473]LogEditorViewport: Clicking on Actor (LMB): Emitter (P_Fire2)
[2018.01.11-04.22.42:569][473]LogEditorViewport: Clicking on Actor (double click): NavMeshBoundsVolume (NavMeshBoundsVolume)
[2018.01.11-04.22.50:538][280]LogEditorViewport: Clicking on Actor (double click): BP_Sky_Sphere_C (SkySphereBlueprint)
[2018.01.11-04.22.53:392][495]LogTemp: Repeating last play command: Selected Viewport
[2018.01.11-04.22.53:450][495]LogBlueprintUserMessages: Early PlayInEditor Detection: Level '/Game/FirstPersonBP/Maps/FirstPersonExampleMap.FirstPersonExampleMap:PersistentLevel' has LevelScriptBlueprint '/Game/FirstPersonBP/Maps/FirstPersonExampleMap.FirstPersonExampleMap:PersistentLevel.FirstPersonExampleMap' with GeneratedClass '/Game/FirstPersonBP/Maps/FirstPersonExampleMap.FirstPersonExampleMap_C' with ClassGeneratedBy '/Game/FirstPersonBP/Maps/FirstPersonExampleMap.FirstPersonExampleMap:PersistentLevel.FirstPersonExampleMap'
[2018.01.11-04.22.53:451][495]LogPlayLevel: PlayLevel: No blueprints needed recompiling
[2018.01.11-04.22.53:451][495]PIE: New page: PIE session: FirstPersonExampleMap (Jan 11, 2018, 3:22:53 PM)
[2018.01.11-04.22.53:451][495]LogPlayLevel: Creating play world package: /Game/FirstPersonBP/Maps/UEDPIE_0_FirstPersonExampleMap
[2018.01.11-04.22.54:338][495]LogPlayLevel: PIE: StaticDuplicateObject took: (0.886339s)
[2018.01.11-04.22.54:340][495]LogAIModule: Creating AISystem for world FirstPersonExampleMap
[2018.01.11-04.22.54:341][495]LogPlayLevel: PIE: World Init took: (0.003189s)
[2018.01.11-04.22.54:342][495]LogPlayLevel: PIE: Created PIE world by copying editor world from /Game/FirstPersonBP/Maps/FirstPersonExampleMap.FirstPersonExampleMap to /Game/FirstPersonBP/Maps/UEDPIE_0_FirstPersonExampleMap.FirstPersonExampleMap (0.890594s)
[2018.01.11-04.22.54:387][495]LogInit: XAudio2 using 'Speakers (Realtek High Definition Audio)' : 2 channels at 48 kHz using 32 bits per sample (channel mask 0x3)
[2018.01.11-04.22.54:411][495]LogInit: FAudioDevice initialized.
[2018.01.11-04.22.54:462][495]LogLoad: Game class is 'FirstPersonGameMode_C'
[2018.01.11-04.22.54:548][495]LogWorld: Bringing World /Game/FirstPersonBP/Maps/UEDPIE_0_FirstPersonExampleMap.FirstPersonExampleMap up for play (max tick rate 0) at 2018.01.11-09.52.54
[2018.01.11-04.22.54:553][495]LogWorld: Bringing up level for play took: 0.087360
[2018.01.11-04.22.54:557][495]PIE: Play in editor start time for /Game/FirstPersonBP/Maps/UEDPIE_0_FirstPersonExampleMap 1.491
[2018.01.11-04.22.54:558][495]LogBlueprintUserMessages: Late PlayInEditor Detection: Level '/Game/FirstPersonBP/Maps/FirstPersonExampleMap.FirstPersonExampleMap:PersistentLevel' has LevelScriptBlueprint '/Game/FirstPersonBP/Maps/FirstPersonExampleMap.FirstPersonExampleMap:PersistentLevel.FirstPersonExampleMap' with GeneratedClass '/Game/FirstPersonBP/Maps/FirstPersonExampleMap.FirstPersonExampleMap_C' with ClassGeneratedBy '/Game/FirstPersonBP/Maps/FirstPersonExampleMap.FirstPersonExampleMap:PersistentLevel.FirstPersonExampleMap'
[2018.01.11-04.23.21:920][327]LogNet: Browse: /Game/FirstPersonBP/Maps/screenshot_map
[2018.01.11-04.23.21:974][327]LogLoad: LoadMap: /Game/FirstPersonBP/Maps/screenshot_map
[2018.01.11-04.23.22:019][327]Cmd: MEM
[2018.01.11-04.23.22:029][327]LogMemory: Platform Memory Stats for Windows
[2018.01.11-04.23.22:029][327]LogMemory: Process Physical Memory: 5028.63 MB used, 5784.23 MB peak
[2018.01.11-04.23.22:029][327]LogMemory: Process Virtual Memory: 5755.54 MB used, 6435.40 MB peak
[2018.01.11-04.23.22:029][327]LogMemory: Physical Memory: 8992.84 MB used,  23707.95 MB free, 32700.80 MB total
[2018.01.11-04.23.22:029][327]LogMemory: Virtual Memory: 7105.43 MB used,  23707.95 MB free, 134217728.00 MB total
[2018.01.11-04.23.22:029][327]LogMemory: 
[2018.01.11-04.23.22:029][327]Allocator Stats for TBB: (not implemented)
[2018.01.11-04.23.22:849][327]LogAIModule: Creating AISystem for world screenshot_map
[2018.01.11-04.23.22:849][327]LogLoad: Game class is 'FirstPersonGameMode_C'
[2018.01.11-04.23.22:895][327]LogWorld: Bringing World /Game/FirstPersonBP/Maps/UEDPIE_0_screenshot_map.screenshot_map up for play (max tick rate 0) at 2018.01.11-09.53.22
[2018.01.11-04.23.22:906][327]LogWorld: Bringing up level for play took: 0.056024
[2018.01.11-04.23.22:909][327]LogLoad: Took 0.935513 seconds to LoadMap(/Game/FirstPersonBP/Maps/screenshot_map)
[2018.01.11-04.23.22:932][328]LogCharacterMovement: Warning: GetSimulationTimeStep() - Max iterations 8 hit while remaining time 0.086465 > MaxSimulationTimeStep (0.050) for 'FirstPersonCharacter_C_0', movement 'Walking'
[2018.01.11-04.23.22:933][328]LogCharacterMovement: Warning: GetSimulationTimeStep() - Max iterations 8 hit while remaining time 0.068770 > MaxSimulationTimeStep (0.050) for 'killerAI2_94', movement 'Walking'
[2018.01.11-04.23.30:793][567]LogHttp: Warning: 00000189FFB09C00: request failed, libcurl error: 6 (Couldn't resolve host name)
[2018.01.11-04.23.30:793][567]LogHttp: Warning: 00000189FFB09C00: libcurl info message cache 0 (Could not resolve host: datarouter.ol.epicgames.com)
[2018.01.11-04.23.30:793][567]LogHttp: Warning: 00000189FFB09C00: libcurl info message cache 1 (Closing connection 4)
[2018.01.11-04.23.50:068][154]LogCharacterMovement: FirstPersonCharacter_C_0 is stuck and failed to move! Velocity: X=-23.07 Y=-246.35 Z=0.00 Location: X=8314.60 Y=2656.75 Z=499.92 Normal: X=0.18 Y=-0.98 Z=0.00 PenetrationDepth:14.077 Actor:mortaAIl9_987 Component:CharacterMesh0 BoneName:hand_l (0 other events since notify)
[2018.01.11-04.24.21:629][115]LogBlueprintUserMessages: Early EndPlayMap Detection: Level '/Game/FirstPersonBP/Maps/FirstPersonExampleMap.FirstPersonExampleMap:PersistentLevel' has LevelScriptBlueprint '/Game/FirstPersonBP/Maps/FirstPersonExampleMap.FirstPersonExampleMap:PersistentLevel.FirstPersonExampleMap' with GeneratedClass '/Game/FirstPersonBP/Maps/FirstPersonExampleMap.FirstPersonExampleMap_C' with ClassGeneratedBy '/Game/FirstPersonBP/Maps/FirstPersonExampleMap.FirstPersonExampleMap:PersistentLevel.FirstPersonExampleMap'
[2018.01.11-04.24.21:731][115]LogBlueprintUserMessages: Late EndPlayMap Detection: Level '/Game/FirstPersonBP/Maps/FirstPersonExampleMap.FirstPersonExampleMap:PersistentLevel' has LevelScriptBlueprint '/Game/FirstPersonBP/Maps/FirstPersonExampleMap.FirstPersonExampleMap:PersistentLevel.FirstPersonExampleMap' with GeneratedClass '/Game/FirstPersonBP/Maps/FirstPersonExampleMap.FirstPersonExampleMap_C' with ClassGeneratedBy '/Game/FirstPersonBP/Maps/FirstPersonExampleMap.FirstPersonExampleMap:PersistentLevel.FirstPersonExampleMap'
[2018.01.11-04.24.31:481][974]LogTemp: Repeating last play command: Selected Viewport
[2018.01.11-04.24.31:499][974]LogBlueprintUserMessages: Early PlayInEditor Detection: Level '/Game/FirstPersonBP/Maps/FirstPersonExampleMap.FirstPersonExampleMap:PersistentLevel' has LevelScriptBlueprint '/Game/FirstPersonBP/Maps/FirstPersonExampleMap.FirstPersonExampleMap:PersistentLevel.FirstPersonExampleMap' with GeneratedClass '/Game/FirstPersonBP/Maps/FirstPersonExampleMap.FirstPersonExampleMap_C' with ClassGeneratedBy '/Game/FirstPersonBP/Maps/FirstPersonExampleMap.FirstPersonExampleMap:PersistentLevel.FirstPersonExampleMap'
[2018.01.11-04.24.31:499][974]LogPlayLevel: PlayLevel: No blueprints needed recompiling
[2018.01.11-04.24.31:499][974]PIE: New page: PIE session: FirstPersonExampleMap (Jan 11, 2018, 3:24:31 PM)
[2018.01.11-04.24.31:499][974]LogPlayLevel: Creating play world package: /Game/FirstPersonBP/Maps/UEDPIE_0_FirstPersonExampleMap
[2018.01.11-04.24.31:788][974]LogPlayLevel: PIE: StaticDuplicateObject took: (0.288705s)
[2018.01.11-04.24.31:789][974]LogAIModule: Creating AISystem for world FirstPersonExampleMap
[2018.01.11-04.24.31:789][974]LogPlayLevel: PIE: World Init took: (0.001101s)
[2018.01.11-04.24.31:789][974]LogPlayLevel: PIE: Created PIE world by copying editor world from /Game/FirstPersonBP/Maps/FirstPersonExampleMap.FirstPersonExampleMap to /Game/FirstPersonBP/Maps/UEDPIE_0_FirstPersonExampleMap.FirstPersonExampleMap (0.290174s)
[2018.01.11-04.24.31:804][974]LogInit: XAudio2 using 'Speakers (Realtek High Definition Audio)' : 2 channels at 48 kHz using 32 bits per sample (channel mask 0x3)
[2018.01.11-04.24.31:812][974]LogInit: FAudioDevice initialized.
[2018.01.11-04.24.31:845][974]LogLoad: Game class is 'FirstPersonGameMode_C'
[2018.01.11-04.24.31:882][974]LogWorld: Bringing World /Game/FirstPersonBP/Maps/UEDPIE_0_FirstPersonExampleMap.FirstPersonExampleMap up for play (max tick rate 0) at 2018.01.11-09.54.31
[2018.01.11-04.24.31:883][974]LogWorld: Bringing up level for play took: 0.036023
[2018.01.11-04.24.31:885][974]PIE: Play in editor start time for /Game/FirstPersonBP/Maps/UEDPIE_0_FirstPersonExampleMap 0.818
[2018.01.11-04.24.31:885][974]LogBlueprintUserMessages: Late PlayInEditor Detection: Level '/Game/FirstPersonBP/Maps/FirstPersonExampleMap.FirstPersonExampleMap:PersistentLevel' has LevelScriptBlueprint '/Game/FirstPersonBP/Maps/FirstPersonExampleMap.FirstPersonExampleMap:PersistentLevel.FirstPersonExampleMap' with GeneratedClass '/Game/FirstPersonBP/Maps/FirstPersonExampleMap.FirstPersonExampleMap_C' with ClassGeneratedBy '/Game/FirstPersonBP/Maps/FirstPersonExampleMap.FirstPersonExampleMap:PersistentLevel.FirstPersonExampleMap'
[2018.01.11-04.24.51:039][575]LogNet: Browse: /Game/FirstPersonBP/Maps/screenshot_map
[2018.01.11-04.24.51:093][575]LogLoad: LoadMap: /Game/FirstPersonBP/Maps/screenshot_map
[2018.01.11-04.24.51:137][575]Cmd: MEM
[2018.01.11-04.24.51:147][575]LogMemory: Platform Memory Stats for Windows
[2018.01.11-04.24.51:147][575]LogMemory: Process Physical Memory: 5070.34 MB used, 5784.23 MB peak
[2018.01.11-04.24.51:147][575]LogMemory: Process Virtual Memory: 5831.68 MB used, 6435.40 MB peak
[2018.01.11-04.24.51:147][575]LogMemory: Physical Memory: 9040.63 MB used,  23660.17 MB free, 32700.80 MB total
[2018.01.11-04.24.51:147][575]LogMemory: Virtual Memory: 7162.43 MB used,  23660.17 MB free, 134217728.00 MB total
[2018.01.11-04.24.51:147][575]LogMemory: 
[2018.01.11-04.24.51:147][575]Allocator Stats for TBB: (not implemented)
[2018.01.11-04.24.51:946][575]LogAIModule: Creating AISystem for world screenshot_map
[2018.01.11-04.24.51:946][575]LogLoad: Game class is 'FirstPersonGameMode_C'
[2018.01.11-04.24.51:993][575]LogWorld: Bringing World /Game/FirstPersonBP/Maps/UEDPIE_0_screenshot_map.screenshot_map up for play (max tick rate 0) at 2018.01.11-09.54.51
[2018.01.11-04.24.52:003][575]LogWorld: Bringing up level for play took: 0.055287
[2018.01.11-04.24.52:006][575]LogLoad: Took 0.913397 seconds to LoadMap(/Game/FirstPersonBP/Maps/screenshot_map)
[2018.01.11-04.24.52:028][576]LogCharacterMovement: Warning: GetSimulationTimeStep() - Max iterations 8 hit while remaining time 0.086383 > MaxSimulationTimeStep (0.050) for 'FirstPersonCharacter_C_0', movement 'Walking'
[2018.01.11-04.24.52:030][576]LogCharacterMovement: Warning: GetSimulationTimeStep() - Max iterations 8 hit while remaining time 0.068684 > MaxSimulationTimeStep (0.050) for 'killerAI2_94', movement 'Walking'
[2018.01.11-04.25.18:889][398]LogCharacterMovement: FirstPersonCharacter_C_0 is stuck and failed to move! Velocity: X=-26.14 Y=61.74 Z=0.00 Location: X=10397.29 Y=5248.77 Z=1368.90 Normal: X=0.56 Y=0.83 Z=-0.00 PenetrationDepth:15.465 Actor:mortaAIl19_1787 Component:CharacterMesh0 BoneName:hand_r (0 other events since notify)
[2018.01.11-04.25.30:381][748]LogBlueprintUserMessages: Early EndPlayMap Detection: Level '/Game/FirstPersonBP/Maps/FirstPersonExampleMap.FirstPersonExampleMap:PersistentLevel' has LevelScriptBlueprint '/Game/FirstPersonBP/Maps/FirstPersonExampleMap.FirstPersonExampleMap:PersistentLevel.FirstPersonExampleMap' with GeneratedClass '/Game/FirstPersonBP/Maps/FirstPersonExampleMap.FirstPersonExampleMap_C' with ClassGeneratedBy '/Game/FirstPersonBP/Maps/FirstPersonExampleMap.FirstPersonExampleMap:PersistentLevel.FirstPersonExampleMap'
[2018.01.11-04.25.30:454][748]LogBlueprintUserMessages: Late EndPlayMap Detection: Level '/Game/FirstPersonBP/Maps/FirstPersonExampleMap.FirstPersonExampleMap:PersistentLevel' has LevelScriptBlueprint '/Game/FirstPersonBP/Maps/FirstPersonExampleMap.FirstPersonExampleMap:PersistentLevel.FirstPersonExampleMap' with GeneratedClass '/Game/FirstPersonBP/Maps/FirstPersonExampleMap.FirstPersonExampleMap_C' with ClassGeneratedBy '/Game/FirstPersonBP/Maps/FirstPersonExampleMap.FirstPersonExampleMap:PersistentLevel.FirstPersonExampleMap'
[2018.01.11-04.25.30:836][760]LogHttp: Warning: 00000189DF7AAF80: request failed, libcurl error: 6 (Couldn't resolve host name)
[2018.01.11-04.25.30:836][760]LogHttp: Warning: 00000189DF7AAF80: libcurl info message cache 0 (Could not resolve host: datarouter.ol.epicgames.com)
[2018.01.11-04.25.30:836][760]LogHttp: Warning: 00000189DF7AAF80: libcurl info message cache 1 (Closing connection 5)
[2018.01.11-04.27.30:820][327]LogSlate: Took 0.000335 seconds to synchronously load lazily loaded font '../../../Engine/Content/Slate/Fonts/Roboto-Light.ttf' (159K)
[2018.01.11-04.27.31:486][330]LogHttp: Warning: 00000189C559AC80: request failed, libcurl error: 6 (Couldn't resolve host name)
[2018.01.11-04.27.31:486][330]LogHttp: Warning: 00000189C559AC80: libcurl info message cache 0 (Could not resolve host: datarouter.ol.epicgames.com)
[2018.01.11-04.27.31:487][330]LogHttp: Warning: 00000189C559AC80: libcurl info message cache 1 (Closing connection 6)
[2018.01.11-04.27.41:096][354]LogSavePackage: Save=1214.57ms
[2018.01.11-04.27.41:096][354]LogSavePackage: Moving '../../../../[TorrentCounter.cc].Your.Name.2016.ESubs.1080p.BluRay.x264/OurProject/Saved/FirstPersonExampleMap_Auto1D9E4B5B44660643DAECCD5B51A232769.tmp' to '../../../../[TorrentCounter.cc].Your.Name.2016.ESubs.1080p.BluRay.x264/OurProject/Saved/Autosaves/Game/FirstPersonBP/Maps/FirstPersonExampleMap_Auto1.umap'
[2018.01.11-04.27.41:098][354]LogSavePackage: Display: Finished SavePackage ../../../../[TorrentCounter.cc].Your.Name.2016.ESubs.1080p.BluRay.x264/OurProject/Saved/Autosaves/Game/FirstPersonBP/Maps/FirstPersonExampleMap_Auto1.umap
[2018.01.11-04.27.41:103][354]LogSlate: Took 0.000412 seconds to synchronously load lazily loaded font '../../../Engine/Content/Slate/Fonts/Roboto-Regular.ttf' (155K)
[2018.01.11-04.27.41:105][354]LogFileHelpers: Editor autosave (incl. sublevels) for '/Game/FirstPersonBP/Maps/FirstPersonExampleMap' took 1.251
[2018.01.11-04.27.41:105][354]LogFileHelpers: Editor autosave (incl. sublevels) for all levels took 1.251
[2018.01.11-04.27.41:141][354]OBJ SavePackage: Generating thumbnails for [0] asset(s) in package [/Game/FirstPersonBP/Maps/FirstPersonExampleMap_BuiltData] ([1] browsable assets)...
[2018.01.11-04.27.41:141][354]OBJ SavePackage: Finished generating thumbnails for package [/Game/FirstPersonBP/Maps/FirstPersonExampleMap_BuiltData]
[2018.01.11-04.27.41:947][354]LogSavePackage: Save=790.74ms
[2018.01.11-04.27.41:947][354]LogSavePackage: Moving '../../../../[TorrentCounter.cc].Your.Name.2016.ESubs.1080p.BluRay.x264/OurProject/Saved/FirstPersonExampleMap_BuiltData_Auto165AFE07C48615288B073F18B09AE555E.tmp' to '../../../../[TorrentCounter.cc].Your.Name.2016.ESubs.1080p.BluRay.x264/OurProject/Saved/Autosaves/Game/FirstPersonBP/Maps/FirstPersonExampleMap_BuiltData_Auto1.uasset'
[2018.01.11-04.27.41:948][354]LogSavePackage: Display: Finished SavePackage ../../../../[TorrentCounter.cc].Your.Name.2016.ESubs.1080p.BluRay.x264/OurProject/Saved/Autosaves/Game/FirstPersonBP/Maps/FirstPersonExampleMap_BuiltData_Auto1.uasset
[2018.01.11-04.27.41:948][354]LogFileHelpers: Auto-saving content packages took 0.809
[2018.01.11-04.29.32:003][686]LogHttp: Warning: 00000189B51D5000: request failed, libcurl error: 6 (Couldn't resolve host name)
[2018.01.11-04.29.32:003][686]LogHttp: Warning: 00000189B51D5000: libcurl info message cache 0 (Could not resolve host: datarouter.ol.epicgames.com)
[2018.01.11-04.29.32:003][686]LogHttp: Warning: 00000189B51D5000: libcurl info message cache 1 (Closing connection 7)
